#
# There is insufficient memory for the Java Runtime Environment to continue.
# Native memory allocation (malloc) failed to allocate 1024 bytes for AllocateHeap
# Possible reasons:
#   The system is out of physical RAM or swap space
#   In 32 bit mode, the process size limit was hit
# Possible solutions:
#   Reduce memory load on the system
#   Increase physical memory or swap space
#   Check if swap backing store is full
#   Use 64 bit Java on a 64 bit OS
#   Decrease Java heap size (-Xmx/-Xms)
#   Decrease number of Java threads
#   Decrease Java thread stack sizes (-Xss)
#   Set larger code cache with -XX:ReservedCodeCacheSize=
# This output file may be truncated or incomplete.
#
#  Out of Memory Error (memory/allocation.inline.hpp:61), pid=5544, tid=16264
#
# JRE version: Java(TM) SE Runtime Environment (8.0_65-b17) (build 1.8.0_65-b17)
# Java VM: Java HotSpot(TM) 64-Bit Server VM (25.65-b01 mixed mode windows-amd64 compressed oops)
# Failed to write core dump. Minidumps are not enabled by default on client versions of Windows
#

---------------  T H R E A D  ---------------

Current thread (0x0000000001f2e800):  JavaThread "main" [_thread_in_vm, id=16264, stack(0x0000000002af0000,0x0000000002bf0000)]

Stack: [0x0000000002af0000,0x0000000002bf0000]
[error occurred during error reporting (printing stack bounds), id 0xc0000005]

Native frames: (J=compiled Java code, j=interpreted, Vv=VM code, C=native code)

Java frames: (J=compiled Java code, j=interpreted, Vv=VM code)
j  sun.misc.SharedSecrets.getJavaUtilZipFileAccess()Lsun/misc/JavaUtilZipFileAccess;+9
j  sun.misc.URLClassPath$JarLoader.<clinit>()V+0
v  ~StubRoutines::call_stub
j  sun.misc.URLClassPath$3.run()Lsun/misc/URLClassPath$Loader;+60
j  sun.misc.URLClassPath$3.run()Ljava/lang/Object;+1
v  ~StubRoutines::call_stub
j  java.security.AccessController.doPrivileged(Ljava/security/PrivilegedExceptionAction;)Ljava/lang/Object;+0
j  sun.misc.URLClassPath.getLoader(Ljava/net/URL;)Lsun/misc/URLClassPath$Loader;+9
j  sun.misc.URLClassPath.getLoader(I)Lsun/misc/URLClassPath$Loader;+87
j  sun.misc.URLClassPath.getNextLoader([II)Lsun/misc/URLClassPath$Loader;+84
j  sun.misc.URLClassPath.getResource(Ljava/lang/String;Z)Lsun/misc/Resource;+51
j  java.net.URLClassLoader$1.run()Ljava/lang/Class;+26
j  java.net.URLClassLoader$1.run()Ljava/lang/Object;+1
v  ~StubRoutines::call_stub
j  java.security.AccessController.doPrivileged(Ljava/security/PrivilegedExceptionAction;Ljava/security/AccessControlContext;)Ljava/lang/Object;+0
j  java.net.URLClassLoader.findClass(Ljava/lang/String;)Ljava/lang/Class;+13
j  java.lang.ClassLoader.loadClass(Ljava/lang/String;Z)Ljava/lang/Class;+70
j  java.lang.ClassLoader.loadClass(Ljava/lang/String;Z)Ljava/lang/Class;+38
j  sun.misc.Launcher$AppClassLoader.loadClass(Ljava/lang/String;Z)Ljava/lang/Class;+81
j  java.lang.ClassLoader.loadClass(Ljava/lang/String;)Ljava/lang/Class;+3
j  sun.launcher.LauncherHelper.checkAndLoadMain(ZILjava/lang/String;)Ljava/lang/Class;+93
v  ~StubRoutines::call_stub

---------------  P R O C E S S  ---------------

Java Threads: ( => current thread )
  0x000000005707f000 JavaThread "Service Thread" daemon [_thread_blocked, id=11444, stack(0x0000000058d80000,0x0000000058e80000)]
  0x000000005700a000 JavaThread "C1 CompilerThread3" daemon [_thread_blocked, id=17088, stack(0x0000000058b60000,0x0000000058c60000)]
  0x0000000056ff1800 JavaThread "C2 CompilerThread2" daemon [_thread_blocked, id=12856, stack(0x0000000058920000,0x0000000058a20000)]
  0x0000000056fee000 JavaThread "C2 CompilerThread1" daemon [_thread_blocked, id=8348, stack(0x0000000058650000,0x0000000058750000)]
  0x0000000056fea000 JavaThread "C2 CompilerThread0" daemon [_thread_blocked, id=16896, stack(0x0000000058780000,0x0000000058880000)]
  0x0000000056fe7000 JavaThread "Attach Listener" daemon [_thread_blocked, id=8980, stack(0x0000000057f60000,0x0000000058060000)]
  0x0000000056ff7800 JavaThread "Signal Dispatcher" daemon [_thread_new, id=12096, stack(0x0000000000000000,0x0000000000000000)]
  0x0000000055f35800 JavaThread "Finalizer" daemon [_thread_blocked, id=16676, stack(0x0000000058390000,0x0000000058490000)]
  0x0000000055f34800 JavaThread "Reference Handler" daemon [_thread_blocked, id=10016, stack(0x00000000581f0000,0x00000000582f0000)]
=>0x0000000001f2e800 JavaThread "main" [_thread_in_vm, id=16264, stack(0x0000000002af0000,0x0000000002bf0000)]

Other Threads:
  0x0000000056fa0800 VMThread [stack: 0x00000000580a0000,0x00000000581a0000] [id=16844]
  0x000000005708d800 WatcherThread [stack: 0x0000000058ee0000,0x0000000058fe0000] [id=8376]

VM state:not at safepoint (normal execution)

VM Mutex/Monitor currently owned by a thread:  ([mutex/lock_event])
[0x0000000001f2bdb0] PackageTable_lock - owner thread: 0x0000000001f2e800

Heap:
 PSYoungGen      total 75776K, used 2601K [0x00000000eab00000, 0x00000000eff80000, 0x0000000100000000)
  eden space 65024K, 4% used [0x00000000eab00000,0x00000000ead8a490,0x00000000eea80000)
  from space 10752K, 0% used [0x00000000ef500000,0x00000000ef500000,0x00000000eff80000)
  to   space 10752K, 0% used [0x00000000eea80000,0x00000000eea80000,0x00000000ef500000)
 ParOldGen       total 173568K, used 0K [0x00000000c0000000, 0x00000000ca980000, 0x00000000eab00000)
  object space 173568K, 0% used [0x00000000c0000000,0x00000000c0000000,0x00000000ca980000)
 Metaspace       used 2342K, capacity 4480K, committed 4480K, reserved 1056768K
  class space    used 257K, capacity 384K, committed 384K, reserved 1048576K

Card table byte_map: [0x0000000012280000,0x0000000012490000] byte_map_base: 0x0000000011c80000

Marking Bits: (ParMarkBitMap*) 0x000000000288a5b0
 Begin Bits: [0x0000000013350000, 0x0000000014350000)
 End Bits:   [0x0000000014350000, 0x0000000015350000)

Polling page: 0x0000000001ed0000

CodeCache: size=245760Kb used=1074Kb max_used=1074Kb free=244685Kb
 bounds [0x0000000002ec0000, 0x0000000003130000, 0x0000000011ec0000]
 total_blobs=237 nmethods=12 adapters=139
 compilation: enabled

Compilation events (10 events):
Event: 0.142 Thread 0x000000005700a000    6       3       java.lang.CharacterDataLatin1::toLowerCase (39 bytes)
Event: 0.142 Thread 0x000000005700a000 nmethod 6 0x0000000002fcb350 code [0x0000000002fcb4c0, 0x0000000002fcb730]
Event: 0.142 Thread 0x000000005700a000    7       3       java.lang.CharacterDataLatin1::getProperties (11 bytes)
Event: 0.143 Thread 0x000000005700a000 nmethod 7 0x0000000002fcb890 code [0x0000000002fcb9e0, 0x0000000002fcbb70]
Event: 0.143 Thread 0x000000005700a000    3       3       java.lang.String::length (6 bytes)
Event: 0.143 Thread 0x000000005700a000 nmethod 3 0x0000000002fcbc50 code [0x0000000002fcbda0, 0x0000000002fcbef0]
Event: 0.146 Thread 0x000000005700a000   11       3       java.lang.String::charAt (29 bytes)
Event: 0.146 Thread 0x000000005700a000 nmethod 11 0x0000000002fcbf90 code [0x0000000002fcc100, 0x0000000002fcc368]
Event: 0.146 Thread 0x000000005700a000   12       3       java.lang.Math::min (11 bytes)
Event: 0.146 Thread 0x000000005700a000 nmethod 12 0x0000000002fcc450 code [0x0000000002fcc5a0, 0x0000000002fcc730]

GC Heap History (0 events):
No events

Deoptimization events (0 events):
No events

Internal exceptions (2 events):
Event: 0.059 Thread 0x0000000001f2e800 Exception <a 'java/lang/NoSuchMethodError': Method sun.misc.Unsafe.defineClass(Ljava/lang/String;[BII)Ljava/lang/Class; name or signature does not match> (0x00000000eab13070) thrown at [C:\workspace\8-2-build-windows-amd64-cygwin\jdk8u65\4987\hotspot\src\sô¼©—O®?
Event: 0.059 Thread 0x0000000001f2e800 Exception <a 'java/lang/NoSuchMethodError': Method sun.misc.Unsafe.prefetchRead(Ljava/lang/Object;J)V name or signature does not match> (0x00000000eab13358) thrown at [C:\workspace\8-2-build-windows-amd64-cygwin\jdk8u65\4987\hotspot\src\share\vm\prims\jni.

Events (10 events):
Event: 0.155 loading class sun/net/util/URLUtil
Event: 0.155 loading class sun/net/util/URLUtil done
Event: 0.155 loading class sun/misc/URLClassPath$3
Event: 0.155 loading class sun/misc/URLClassPath$3 done
Event: 0.155 loading class sun/misc/URLClassPath$JarLoader
Event: 0.155 loading class sun/misc/URLClassPath$Loader
Event: 0.155 loading class sun/misc/URLClassPath$Loader done
Event: 0.155 loading class sun/misc/URLClassPath$JarLoader done
Event: 0.155 loading class java/util/zip/ZipFile
Event: 0.155 loading class java/util/zip/ZipConstants


Dynamic libraries:
0x000000013f080000 - 0x000000013f0b7000 	C:\Program Files\Java\jdk1.8.0_65\bin\java.exe
0x00000000776c0000 - 0x0000000077869000 	C:\Windows\SYSTEM32\ntdll.dll
0x00000000774a0000 - 0x00000000775c0000 	C:\Windows\system32\kernel32.dll
0x000007fefd740000 - 0x000007fefd7ac000 	C:\Windows\system32\KERNELBASE.dll
0x000007fefd830000 - 0x000007fefd90b000 	C:\Windows\system32\ADVAPI32.dll
0x000007fefe670000 - 0x000007fefe70f000 	C:\Windows\system32\msvcrt.dll
0x000007fefe350000 - 0x000007fefe36f000 	C:\Windows\SYSTEM32\sechost.dll
0x000007fefdb40000 - 0x000007fefdc6d000 	C:\Windows\system32\RPCRT4.dll
0x00000000775c0000 - 0x00000000776ba000 	C:\Windows\system32\USER32.dll
0x000007fefe130000 - 0x000007fefe197000 	C:\Windows\system32\GDI32.dll
0x000007fefe480000 - 0x000007fefe48e000 	C:\Windows\system32\LPK.dll
0x000007feff4a0000 - 0x000007feff569000 	C:\Windows\system32\USP10.dll
0x000007fefbc80000 - 0x000007fefbe74000 	C:\Windows\WinSxS\amd64_microsoft.windows.common-controls_6595b64144ccf1df_6.0.7601.18837_none_fa3b1e3d17594757\COMCTL32.dll
0x000007fefe200000 - 0x000007fefe271000 	C:\Windows\system32\SHLWAPI.dll
0x000007fefdc70000 - 0x000007fefdc9e000 	C:\Windows\system32\IMM32.DLL
0x000007fefe370000 - 0x000007fefe479000 	C:\Windows\system32\MSCTF.dll
0x000007fefd3a0000 - 0x000007fefd3d1000 	C:\Windows\system32\nvinitx.dll
0x000007fefd390000 - 0x000007fefd39c000 	C:\Windows\system32\VERSION.dll
0x0000000075090000 - 0x0000000075096000 	C:\Program Files\NVIDIA Corporation\CoProcManager\detoured.dll
0x000007fefa1f0000 - 0x000007fefa222000 	C:\Program Files\NVIDIA Corporation\CoProcManager\nvd3d9wrapx.dll
0x000007fefe490000 - 0x000007fefe667000 	C:\Windows\system32\SETUPAPI.dll
0x000007fefd700000 - 0x000007fefd736000 	C:\Windows\system32\CFGMGR32.dll
0x000007feff8f0000 - 0x000007feff9c7000 	C:\Windows\system32\OLEAUT32.dll
0x000007fefdf00000 - 0x000007fefe103000 	C:\Windows\system32\ole32.dll
0x000007fefd490000 - 0x000007fefd4aa000 	C:\Windows\system32\DEVOBJ.dll
0x000007fefa170000 - 0x000007fefa192000 	C:\Program Files\NVIDIA Corporation\CoProcManager\nvdxgiwrapx.dll
0x0000000063b30000 - 0x0000000063c02000 	C:\Program Files\Java\jdk1.8.0_65\jre\bin\msvcr100.dll
0x0000000002080000 - 0x0000000002909000 	C:\Program Files\Java\jdk1.8.0_65\jre\bin\server\jvm.dll
0x000007fef6f40000 - 0x000007fef6f49000 	C:\Windows\system32\WSOCK32.dll
0x000007fefe280000 - 0x000007fefe2cd000 	C:\Windows\system32\WS2_32.dll
0x000007feff570000 - 0x000007feff578000 	C:\Windows\system32\NSI.dll
0x000007fefa1b0000 - 0x000007fefa1eb000 	C:\Windows\system32\WINMM.dll
0x0000000077880000 - 0x0000000077887000 	C:\Windows\system32\PSAPI.DLL
0x000000006d070000 - 0x000000006d07f000 	C:\Program Files\Java\jdk1.8.0_65\jre\bin\verify.dll
0x000000006b6e0000 - 0x000000006b709000 	C:\Program Files\Java\jdk1.8.0_65\jre\bin\java.dll
0x000000006b6c0000 - 0x000000006b6d6000 	C:\Program Files\Java\jdk1.8.0_65\jre\bin\zip.dll
0x000007fefe710000 - 0x000007feff499000 	C:\Windows\system32\SHELL32.dll
0x000007fefd480000 - 0x000007fefd48f000 	C:\Windows\system32\profapi.dll

VM Arguments:
jvm_args: -Djava.awt.headless=true -Xmx1024M -Dfile.encoding=windows-1251 -Duser.country=US -Duser.language=en -Duser.variant 
java_command: com.android.dx.command.Main --dex --num-threads=4 --output D:\Desktop\DemoMaps\app\build\intermediates\pre-dexed\debug\com.google.android.gms-play-services-measurement-8.4.0_f898b45e3aaedd98936f82fa3960f70c088ab5cd.jar D:\Desktop\DemoMaps\app\build\intermediates\exploded-aar\com.google.android.gms\play-services-measurement\8.4.0\jars\classes.jar
java_class_path (initial): C:\Users\Denis\AppData\Local\Android\Sdk\build-tools\23.0.2\lib\dx.jar
Launcher Type: SUN_STANDARD

Environment Variables:
JAVA_HOME=C:\Program Files\Java\jdk1.8.0_74
PATH=C:\Program Files\Common Files\Microsoft Shared\Windows Live;C:\Program Files (x86)\Common Files\Microsoft Shared\Windows Live;C:\ProgramData\Oracle\Java\javapath;C:\Windows\system32;C:\Windows;C:\Windows\System32\Wbem;C:\Windows\System32\WindowsPowerShell\v1.0\;C:\Program Files (x86)\Intel\OpenCL SDK\2.0\bin\x86;C:\Program Files (x86)\Intel\OpenCL SDK\2.0\bin\x64;C:\Program Files (x86)\NVIDIA Corporation\PhysX\Common;C:\Program Files (x86)\Windows Live\Shared;C:\Program Files (x86)\Skype\Phone\;C:\Program Files\Java\jre1.8.0_66\bin;C:\Users\Denis\AppData\Local\Android\sdk\platform-tools;C:\Users\Denis\AppData\Local\Android\sdk\tools;
USERNAME=Denis
OS=Windows_NT
PROCESSOR_IDENTIFIER=Intel64 Family 6 Model 58 Stepping 9, GenuineIntel



---------------  S Y S T E M  ---------------

OS: Windows 7 , 64 bit Build 7601 (6.1.7601.19045)

CPU:total 8 (4 cores per cpu, 2 threads per core) family 6 model 58 stepping 9, cmov, cx8, fxsr, mmx, sse, sse2, sse3, ssse3, sse4.1, sse4.2, popcnt, avx, aes, clmul, erms, ht, tsc, tscinvbit, tscinv

Memory: 4k page, physical 16611692k(3733580k free), swap 16609856k(269428k free)

vm_info: Java HotSpot(TM) 64-Bit Server VM (25.65-b01) for windows-amd64 JRE (1.8.0_65-b17), built on Oct  6 2015 16:39:20 by "java_re" with MS VC++ 10.0 (VS2010)

time: Mon Mar 28 18:09:38 2016
elapsed time: 0 seconds (0d 0h 0m 0s)

