#
# There is insufficient memory for the Java Runtime Environment to continue.
# Native memory allocation (malloc) failed to allocate 32744 bytes for ChunkPool::allocate
# Possible reasons:
#   The system is out of physical RAM or swap space
#   In 32 bit mode, the process size limit was hit
# Possible solutions:
#   Reduce memory load on the system
#   Increase physical memory or swap space
#   Check if swap backing store is full
#   Use 64 bit Java on a 64 bit OS
#   Decrease Java heap size (-Xmx/-Xms)
#   Decrease number of Java threads
#   Decrease Java thread stack sizes (-Xss)
#   Set larger code cache with -XX:ReservedCodeCacheSize=
# This output file may be truncated or incomplete.
#
#  Out of Memory Error (allocation.cpp:273), pid=17340, tid=16512
#
# JRE version: Java(TM) SE Runtime Environment (8.0_65-b17) (build 1.8.0_65-b17)
# Java VM: Java HotSpot(TM) 64-Bit Server VM (25.65-b01 mixed mode windows-amd64 compressed oops)
# Failed to write core dump. Minidumps are not enabled by default on client versions of Windows
#

---------------  T H R E A D  ---------------

Current thread (0x0000000056e9d000):  JavaThread "C2 CompilerThread0" daemon [_thread_in_native, id=16512, stack(0x0000000058300000,0x0000000058400000)]

Stack: [0x0000000058300000,0x0000000058400000]
[error occurred during error reporting (printing stack bounds), id 0xc0000005]

Native frames: (J=compiled Java code, j=interpreted, Vv=VM code, C=native code)


Current CompileTask:
C2:    136   20       4       java.lang.String::charAt (29 bytes)


---------------  P R O C E S S  ---------------

Java Threads: ( => current thread )
  0x0000000056f28800 JavaThread "Service Thread" daemon [_thread_blocked, id=14812, stack(0x0000000058b50000,0x0000000058c50000)]
  0x0000000056eaf000 JavaThread "C1 CompilerThread3" daemon [_thread_blocked, id=9704, stack(0x0000000058860000,0x0000000058960000)]
  0x0000000056ea9000 JavaThread "C2 CompilerThread2" daemon [_thread_blocked, id=16200, stack(0x00000000589e0000,0x0000000058ae0000)]
  0x0000000056ea1000 JavaThread "C2 CompilerThread1" daemon [_thread_blocked, id=15520, stack(0x0000000058750000,0x0000000058850000)]
=>0x0000000056e9d000 JavaThread "C2 CompilerThread0" daemon [_thread_in_native, id=16512, stack(0x0000000058300000,0x0000000058400000)]
  0x0000000056e99800 JavaThread "Attach Listener" daemon [_thread_blocked, id=3796, stack(0x0000000058650000,0x0000000058750000)]
  0x0000000056e98800 JavaThread "Signal Dispatcher" daemon [_thread_blocked, id=15668, stack(0x0000000058420000,0x0000000058520000)]
  0x0000000055ef7000 JavaThread "Finalizer" daemon [_thread_blocked, id=14908, stack(0x00000000581d0000,0x00000000582d0000)]
  0x0000000055ef6800 JavaThread "Reference Handler" daemon [_thread_blocked, id=5248, stack(0x0000000058060000,0x0000000058160000)]
  0x000000000036e800 JavaThread "main" [_thread_in_native, id=17308, stack(0x0000000002c10000,0x0000000002d10000)]

Other Threads:
  0x0000000056e52800 VMThread [stack: 0x0000000057e90000,0x0000000057f90000] [id=17284]
  0x0000000056f37800 WatcherThread [stack: 0x0000000000000000,0x0000000000000000] [id=13996]

VM state:not at safepoint (normal execution)

VM Mutex/Monitor currently owned by a thread: None

Heap:
 PSYoungGen      total 75776K, used 3901K [0x00000000eab00000, 0x00000000eff80000, 0x0000000100000000)
  eden space 65024K, 6% used [0x00000000eab00000,0x00000000eaecf690,0x00000000eea80000)
  from space 10752K, 0% used [0x00000000ef500000,0x00000000ef500000,0x00000000eff80000)
  to   space 10752K, 0% used [0x00000000eea80000,0x00000000eea80000,0x00000000ef500000)
 ParOldGen       total 173568K, used 0K [0x00000000c0000000, 0x00000000ca980000, 0x00000000eab00000)
  object space 173568K, 0% used [0x00000000c0000000,0x00000000c0000000,0x00000000ca980000)
 Metaspace       used 2458K, capacity 4480K, committed 4480K, reserved 1056768K
  class space    used 271K, capacity 384K, committed 384K, reserved 1048576K

Card table byte_map: [0x00000000123a0000,0x00000000125b0000] byte_map_base: 0x0000000011da0000

Marking Bits: (ParMarkBitMap*) 0x00000000028aa5b0
 Begin Bits: [0x0000000013310000, 0x0000000014310000)
 End Bits:   [0x0000000014310000, 0x0000000015310000)

Polling page: 0x0000000000340000

CodeCache: size=245760Kb used=1090Kb max_used=1090Kb free=244669Kb
 bounds [0x0000000002fe0000, 0x0000000003250000, 0x0000000011fe0000]
 total_blobs=246 nmethods=19 adapters=141
 compilation: enabled

Compilation events (10 events):
Event: 0.120 Thread 0x0000000056eaf000   10       3       java.lang.String::indexOf (70 bytes)
Event: 0.121 Thread 0x0000000056eaf000 nmethod 10 0x00000000030ecc50 code [0x00000000030ecde0, 0x00000000030ed168]
Event: 0.121 Thread 0x0000000056eaf000   11       3       java.lang.Object::<init> (1 bytes)
Event: 0.121 Thread 0x0000000056eaf000 nmethod 11 0x00000000030ed690 code [0x00000000030ed7e0, 0x00000000030ed930]
Event: 0.126 Thread 0x0000000056eaf000   13       3       java.lang.String::charAt (29 bytes)
Event: 0.126 Thread 0x0000000056eaf000 nmethod 13 0x00000000030edc10 code [0x00000000030edd80, 0x00000000030edfe8]
Event: 0.126 Thread 0x0000000056eaf000   14       3       java.lang.Math::min (11 bytes)
Event: 0.126 Thread 0x0000000056eaf000 nmethod 14 0x00000000030ee0d0 code [0x00000000030ee220, 0x00000000030ee3b0]
Event: 0.133 Thread 0x0000000056e9d000   20       4       java.lang.String::charAt (29 bytes)
Event: 0.134 Thread 0x0000000056eaf000   15       3       java.lang.AbstractStringBuilder::ensureCapacityInternal (16 bytes)

GC Heap History (0 events):
No events

Deoptimization events (0 events):
No events

Internal exceptions (2 events):
Event: 0.057 Thread 0x000000000036e800 Exception <a 'java/lang/NoSuchMethodError': Method sun.misc.Unsafe.defineClass(Ljava/lang/String;[BII)Ljava/lang/Class; name or signature does not match> (0x00000000eab13070) thrown at [C:\workspace\8-2-build-windows-amd64-cygwin\jdk8u65\4987\hotspot\src\s¦ P&`­?
Event: 0.057 Thread 0x000000000036e800 Exception <a 'java/lang/NoSuchMethodError': Method sun.misc.Unsafe.prefetchRead(Ljava/lang/Object;J)V name or signature does not match> (0x00000000eab13358) thrown at [C:\workspace\8-2-build-windows-amd64-cygwin\jdk8u65\4987\hotspot\src\share\vm\prims\jni.

Events (10 events):
Event: 0.129 loading class sun/nio/cs/ThreadLocalCoders$1 done
Event: 0.129 loading class sun/nio/cs/ThreadLocalCoders$2
Event: 0.129 loading class sun/nio/cs/ThreadLocalCoders$2 done
Event: 0.129 loading class sun/nio/cs/UTF_8$Decoder
Event: 0.129 loading class sun/nio/cs/UTF_8$Decoder done
Event: 0.133 loading class sun/misc/URLClassPath$JarLoader$1
Event: 0.134 loading class sun/misc/URLClassPath$JarLoader$1 done
Event: 0.134 loading class sun/misc/FileURLMapper
Event: 0.134 loading class sun/misc/FileURLMapper done
Event: 0.134 loading class java/util/jar/JarFile


Dynamic libraries:
0x000000013f080000 - 0x000000013f0b7000 	C:\Program Files\Java\jdk1.8.0_65\bin\java.exe
0x00000000776c0000 - 0x0000000077869000 	C:\Windows\SYSTEM32\ntdll.dll
0x00000000774a0000 - 0x00000000775c0000 	C:\Windows\system32\kernel32.dll
0x000007fefd740000 - 0x000007fefd7ac000 	C:\Windows\system32\KERNELBASE.dll
0x000007fefd830000 - 0x000007fefd90b000 	C:\Windows\system32\ADVAPI32.dll
0x000007fefe670000 - 0x000007fefe70f000 	C:\Windows\system32\msvcrt.dll
0x000007fefe350000 - 0x000007fefe36f000 	C:\Windows\SYSTEM32\sechost.dll
0x000007fefdb40000 - 0x000007fefdc6d000 	C:\Windows\system32\RPCRT4.dll
0x00000000775c0000 - 0x00000000776ba000 	C:\Windows\system32\USER32.dll
0x000007fefe130000 - 0x000007fefe197000 	C:\Windows\system32\GDI32.dll
0x000007fefe480000 - 0x000007fefe48e000 	C:\Windows\system32\LPK.dll
0x000007feff4a0000 - 0x000007feff569000 	C:\Windows\system32\USP10.dll
0x000007fefbc80000 - 0x000007fefbe74000 	C:\Windows\WinSxS\amd64_microsoft.windows.common-controls_6595b64144ccf1df_6.0.7601.18837_none_fa3b1e3d17594757\COMCTL32.dll
0x000007fefe200000 - 0x000007fefe271000 	C:\Windows\system32\SHLWAPI.dll
0x000007fefdc70000 - 0x000007fefdc9e000 	C:\Windows\system32\IMM32.DLL
0x000007fefe370000 - 0x000007fefe479000 	C:\Windows\system32\MSCTF.dll
0x000007fefd3a0000 - 0x000007fefd3d1000 	C:\Windows\system32\nvinitx.dll
0x000007fefd390000 - 0x000007fefd39c000 	C:\Windows\system32\VERSION.dll
0x0000000075090000 - 0x0000000075096000 	C:\Program Files\NVIDIA Corporation\CoProcManager\detoured.dll
0x000007fefa1f0000 - 0x000007fefa222000 	C:\Program Files\NVIDIA Corporation\CoProcManager\nvd3d9wrapx.dll
0x000007fefe490000 - 0x000007fefe667000 	C:\Windows\system32\SETUPAPI.dll
0x000007fefd700000 - 0x000007fefd736000 	C:\Windows\system32\CFGMGR32.dll
0x000007feff8f0000 - 0x000007feff9c7000 	C:\Windows\system32\OLEAUT32.dll
0x000007fefdf00000 - 0x000007fefe103000 	C:\Windows\system32\ole32.dll
0x000007fefd490000 - 0x000007fefd4aa000 	C:\Windows\system32\DEVOBJ.dll
0x000007fefa170000 - 0x000007fefa192000 	C:\Program Files\NVIDIA Corporation\CoProcManager\nvdxgiwrapx.dll
0x0000000063b30000 - 0x0000000063c02000 	C:\Program Files\Java\jdk1.8.0_65\jre\bin\msvcr100.dll
0x00000000020a0000 - 0x0000000002929000 	C:\Program Files\Java\jdk1.8.0_65\jre\bin\server\jvm.dll
0x000007fef6f40000 - 0x000007fef6f49000 	C:\Windows\system32\WSOCK32.dll
0x000007fefe280000 - 0x000007fefe2cd000 	C:\Windows\system32\WS2_32.dll
0x000007feff570000 - 0x000007feff578000 	C:\Windows\system32\NSI.dll
0x000007fefa1b0000 - 0x000007fefa1eb000 	C:\Windows\system32\WINMM.dll
0x0000000077880000 - 0x0000000077887000 	C:\Windows\system32\PSAPI.DLL
0x000000006d070000 - 0x000000006d07f000 	C:\Program Files\Java\jdk1.8.0_65\jre\bin\verify.dll
0x000000006b6e0000 - 0x000000006b709000 	C:\Program Files\Java\jdk1.8.0_65\jre\bin\java.dll
0x000000006b6c0000 - 0x000000006b6d6000 	C:\Program Files\Java\jdk1.8.0_65\jre\bin\zip.dll
0x000007fefe710000 - 0x000007feff499000 	C:\Windows\system32\SHELL32.dll
0x000007fefd480000 - 0x000007fefd48f000 	C:\Windows\system32\profapi.dll

VM Arguments:
jvm_args: -Djava.awt.headless=true -Xmx1024M -Dfile.encoding=windows-1251 -Duser.country=US -Duser.language=en -Duser.variant 
java_command: com.android.dx.command.Main --dex --num-threads=4 --output D:\Desktop\DemoMaps\app\build\intermediates\pre-dexed\debug\com.google.android.gms-play-services-location-8.4.0_ee6a5ac76855c0abe96a737efd7a9bda84667d4f.jar D:\Desktop\DemoMaps\app\build\intermediates\exploded-aar\com.google.android.gms\play-services-location\8.4.0\jars\classes.jar
java_class_path (initial): C:\Users\Denis\AppData\Local\Android\Sdk\build-tools\23.0.2\lib\dx.jar
Launcher Type: SUN_STANDARD

Environment Variables:
JAVA_HOME=C:\Program Files\Java\jdk1.8.0_74
PATH=C:\Program Files\Common Files\Microsoft Shared\Windows Live;C:\Program Files (x86)\Common Files\Microsoft Shared\Windows Live;C:\ProgramData\Oracle\Java\javapath;C:\Windows\system32;C:\Windows;C:\Windows\System32\Wbem;C:\Windows\System32\WindowsPowerShell\v1.0\;C:\Program Files (x86)\Intel\OpenCL SDK\2.0\bin\x86;C:\Program Files (x86)\Intel\OpenCL SDK\2.0\bin\x64;C:\Program Files (x86)\NVIDIA Corporation\PhysX\Common;C:\Program Files (x86)\Windows Live\Shared;C:\Program Files (x86)\Skype\Phone\;C:\Program Files\Java\jre1.8.0_66\bin;C:\Users\Denis\AppData\Local\Android\sdk\platform-tools;C:\Users\Denis\AppData\Local\Android\sdk\tools;
USERNAME=Denis
OS=Windows_NT
PROCESSOR_IDENTIFIER=Intel64 Family 6 Model 58 Stepping 9, GenuineIntel



---------------  S Y S T E M  ---------------

OS: Windows 7 , 64 bit Build 7601 (6.1.7601.19045)

CPU:total 8 (4 cores per cpu, 2 threads per core) family 6 model 58 stepping 9, cmov, cx8, fxsr, mmx, sse, sse2, sse3, ssse3, sse4.1, sse4.2, popcnt, avx, aes, clmul, erms, ht, tsc, tscinvbit, tscinv

Memory: 4k page, physical 16611692k(3716444k free), swap 16609856k(5312k free)

vm_info: Java HotSpot(TM) 64-Bit Server VM (25.65-b01) for windows-amd64 JRE (1.8.0_65-b17), built on Oct  6 2015 16:39:20 by "java_re" with MS VC++ 10.0 (VS2010)

time: Mon Mar 28 18:09:38 2016
elapsed time: 0 seconds (0d 0h 0m 0s)

