#
# A fatal error has been detected by the Java Runtime Environment:
#
#  EXCEPTION_STACK_OVERFLOW (0xc00000fd) at pc=0x00000000705818b7, pid=16860, tid=6556
#
# JRE version: Java(TM) SE Runtime Environment (8.0_65-b17) (build 1.8.0_65-b17)
# Java VM: Java HotSpot(TM) 64-Bit Server VM (25.65-b01 mixed mode windows-amd64 compressed oops)
# Problematic frame:
# V  [jvm.dll+0x2118b7]
#
# Failed to write core dump. Minidumps are not enabled by default on client versions of Windows
#
# If you would like to submit a bug report, please visit:
#   http://bugreport.java.com/bugreport/crash.jsp
#

---------------  T H R E A D  ---------------

Current thread (0x0000000058b5f800):  JavaThread "pool-1-thread-1" [_thread_in_vm, id=6556, stack(0x000000005a1a0000,0x000000005a2a0000)]

siginfo: ExceptionCode=0xc00000fd, ExceptionInformation=0x0000000000000001 0x000000005a299510 

Registers:
RAX=0x000000005a299510, RBX=0x0000000000000007, RCX=0x0000000000006000, RDX=0x0000000000000006
RSP=0x000000005a29f510, RBP=0x0000000000000000, RSI=0x000000005a29f510, RDI=0x0000000000000007
R8 =0x0000000000000006, R9 =0x0000000058a0a9e0, R10=0x0000000054ecd508, R11=0x000000005a1aa148
R12=0x0000000058a0a9e0, R13=0x0000000058b5f800, R14=0x000000005a29f5d8, R15=0x0000000054ecd508
RIP=0x00000000705818b7, EFLAGS=0x0000000000010202

Top of Stack: (sp=0x000000005a29f510)
0x000000005a29f510:   0000000056a5b710 0000000063644e7e
0x000000005a29f520:   0000000058b5f800 0000000058a0a9e0
0x000000005a29f530:   00000000ffffffff 00000000705827e7
0x000000005a29f540:   000000005a29f640 0000000054ecd508
0x000000005a29f550:   0000000058b5f800 000000007042f333
0x000000005a29f560:   000000005a29f5a0 0000000058b5f800
0x000000005a29f570:   000000005a29f630 0000000058b5f800
0x000000005a29f580:   0000000054ecd508 0000000058b5f800
0x000000005a29f590:   0000000002a010c0 0000000058b5f800
0x000000005a29f5a0:   0000000054ecd508 0000000058b5f800
0x000000005a29f5b0:   0000000054ecd508 0000000058b5f800
0x000000005a29f5c0:   0000000000000001 0000000054ecd508
0x000000005a29f5d0:   0000000058b5f800 0000000056a63700
0x000000005a29f5e0:   0000000058b5f800 000000007043081d
0x000000005a29f5f0:   000000005a29f8f8 0000000014ea69a0
0x000000005a29f600:   0000000014ea69a0 00000000776eb9c7 

Instructions: (pc=0x00000000705818b7)
0x0000000070581897:   48 89 6c 24 30 33 ed 66 90 e8 ab 36 08 00 ff c3
0x00000000705818a7:   48 63 c8 48 8b c6 48 0f af cf 48 ff c7 48 2b c1
0x00000000705818b7:   89 28 48 63 c3 48 3b 05 cd 9d 58 00 7e db 48 8b
0x00000000705818c7:   6c 24 30 48 8b 5c 24 38 48 8b 74 24 40 48 83 c4 


Register to memory mapping:

RAX=0x000000005a299510 is pointing into the stack for thread: 0x0000000058b5f800
RBX=0x0000000000000007 is an unknown value
RCX=0x0000000000006000 is an unknown value
RDX=0x0000000000000006 is an unknown value
RSP=0x000000005a29f510 is pointing into the stack for thread: 0x0000000058b5f800
RBP=0x0000000000000000 is an unknown value
RSI=0x000000005a29f510 is pointing into the stack for thread: 0x0000000058b5f800
RDI=0x0000000000000007 is an unknown value
R8 =0x0000000000000006 is an unknown value
R9 =0x0000000058a0a9e0 is an unknown value
R10={method} {0x0000000054ecd510} 'run' '()V' in 'java/lang/Thread'
R11=0x000000005a1aa148 is pointing into the stack for thread: 0x0000000058b5f800
R12=0x0000000058a0a9e0 is an unknown value
R13=0x0000000058b5f800 is a thread
R14=0x000000005a29f5d8 is pointing into the stack for thread: 0x0000000058b5f800
R15={method} {0x0000000054ecd510} 'run' '()V' in 'java/lang/Thread'


Stack: [0x000000005a1a0000,0x000000005a2a0000],  sp=0x000000005a29f510,  free space=1021k
Native frames: (J=compiled Java code, j=interpreted, Vv=VM code, C=native code)


---------------  P R O C E S S  ---------------

Java Threads: ( => current thread )
  0x00000000588ce800 JavaThread "pool-1-thread-4" [_thread_blocked, id=17388, stack(0x000000005a2e0000,0x000000005a3e0000)]
  0x0000000058f45000 JavaThread "pool-1-thread-3" [_thread_in_vm, id=12012, stack(0x000000005a700000,0x000000005a800000)]
  0x0000000058fd7000 JavaThread "pool-1-thread-2" [_thread_blocked, id=16060, stack(0x000000005a570000,0x000000005a670000)]
  0x0000000058f44000 JavaThread "pool-2-thread-1" [_thread_new, id=4740, stack(0x0000000000000000,0x0000000000000000)]
=>0x0000000058b5f800 JavaThread "pool-1-thread-1" [_thread_in_vm, id=6556, stack(0x000000005a1a0000,0x000000005a2a0000)]
  0x0000000056afd800 JavaThread "Service Thread" daemon [_thread_blocked, id=6504, stack(0x0000000058350000,0x0000000058450000)]
  0x0000000056a5e000 JavaThread "C1 CompilerThread3" daemon [_thread_blocked, id=14908, stack(0x0000000057f70000,0x0000000058070000)]
  0x0000000056a51800 JavaThread "C2 CompilerThread2" daemon [_thread_in_native, id=11292, stack(0x00000000585a0000,0x00000000586a0000)]
  0x0000000056a4e000 JavaThread "C2 CompilerThread1" daemon [_thread_blocked, id=15804, stack(0x0000000058470000,0x0000000058570000)]
  0x0000000056a4a000 JavaThread "C2 CompilerThread0" daemon [_thread_blocked, id=8660, stack(0x0000000058220000,0x0000000058320000)]
  0x0000000056a47000 JavaThread "Attach Listener" daemon [_thread_blocked, id=7068, stack(0x0000000058070000,0x0000000058170000)]
  0x0000000056a57800 JavaThread "Signal Dispatcher" daemon [_thread_blocked, id=16928, stack(0x0000000057de0000,0x0000000057ee0000)]
  0x000000005588b000 JavaThread "Finalizer" daemon [_thread_blocked, id=5688, stack(0x0000000057c30000,0x0000000057d30000)]
  0x0000000055884800 JavaThread "Reference Handler" daemon [_thread_blocked, id=9320, stack(0x0000000057ad0000,0x0000000057bd0000)]
  0x00000000022ee800 JavaThread "main" [_thread_in_native, id=16612, stack(0x0000000002620000,0x0000000002720000)]

Other Threads:
  0x0000000056a00800 VMThread [stack: 0x0000000057950000,0x0000000057a50000] [id=16408]
  0x0000000056b04000 WatcherThread [stack: 0x0000000058790000,0x0000000058890000] [id=8728]

VM state:synchronizing (normal execution)

VM Mutex/Monitor currently owned by a thread:  ([mutex/lock_event])
[0x00000000022ec530] Safepoint_lock - owner thread: 0x0000000056a00800
[0x00000000022ec5b0] Threads_lock - owner thread: 0x0000000056a00800
[0x00000000022ecfb0] Compile_lock - owner thread: 0x00000000588ce800

Heap:
 PSYoungGen      total 75776K, used 29918K [0x00000000eab00000, 0x00000000eff80000, 0x0000000100000000)
  eden space 65024K, 46% used [0x00000000eab00000,0x00000000ec837ab0,0x00000000eea80000)
  from space 10752K, 0% used [0x00000000ef500000,0x00000000ef500000,0x00000000eff80000)
  to   space 10752K, 0% used [0x00000000eea80000,0x00000000eea80000,0x00000000ef500000)
 ParOldGen       total 173568K, used 0K [0x00000000c0000000, 0x00000000ca980000, 0x00000000eab00000)
  object space 173568K, 0% used [0x00000000c0000000,0x00000000c0000000,0x00000000ca980000)
 Metaspace       used 4119K, capacity 5232K, committed 5376K, reserved 1056768K
  class space    used 465K, capacity 488K, committed 512K, reserved 1048576K

Card table byte_map: [0x0000000011db0000,0x0000000011fc0000] byte_map_base: 0x00000000117b0000

Marking Bits: (ParMarkBitMap*) 0x0000000070b7a5b0
 Begin Bits: [0x0000000012ca0000, 0x0000000013ca0000)
 End Bits:   [0x0000000013ca0000, 0x0000000014ca0000)

Polling page: 0x0000000000430000

CodeCache: size=245760Kb used=1608Kb max_used=1617Kb free=244151Kb
 bounds [0x00000000029f0000, 0x0000000002c60000, 0x00000000119f0000]
 total_blobs=504 nmethods=246 adapters=171
 compilation: enabled

Compilation events (10 events):
Event: 0.628 Thread 0x0000000056a5e000  241       1       com.android.dx.rop.cst.CstString::getString (5 bytes)
Event: 0.628 Thread 0x0000000056a5e000 nmethod 241 0x0000000002b7ee90 code [0x0000000002b7efe0, 0x0000000002b7f0f0]
Event: 0.628 Thread 0x0000000056a5e000  243       3       java.util.HashMap::put (13 bytes)
Event: 0.629 Thread 0x0000000056a5e000 nmethod 243 0x0000000002b81750 code [0x0000000002b818e0, 0x0000000002b81c98]
Event: 0.630 Thread 0x0000000056a4e000  245       4       java.lang.String::lastIndexOf (52 bytes)
Event: 0.632 Thread 0x0000000056a4e000 nmethod 245 0x0000000002b7ead0 code [0x0000000002b7ec00, 0x0000000002b7ed58]
Event: 0.637 Thread 0x0000000056a5e000  246       3       java.util.jar.Attributes$Name::hashCode (24 bytes)
Event: 0.638 Thread 0x0000000056a5e000 nmethod 246 0x0000000002b84790 code [0x0000000002b84900, 0x0000000002b84ac8]
Event: 0.638 Thread 0x0000000056a5e000  247       3       java.util.jar.Attributes::getValue (9 bytes)
Event: 0.638 Thread 0x0000000056a5e000 nmethod 247 0x0000000002b84190 code [0x0000000002b84300, 0x0000000002b84668]

GC Heap History (0 events):
No events

Deoptimization events (1 events):
Event: 0.388 Thread 0x00000000022ee800 Uncommon trap: reason=unstable_if action=reinterpret pc=0x0000000002b49454 method=java.util.regex.Pattern$BnM.match(Ljava/util/regex/Matcher;ILjava/lang/CharSequence;)Z @ 56

Internal exceptions (2 events):
Event: 0.094 Thread 0x00000000022ee800 Exception <a 'java/lang/NoSuchMethodError': Method sun.misc.Unsafe.defineClass(Ljava/lang/String;[BII)Ljava/lang/Class; name or signature does not match> (0x00000000eab13070) thrown at [C:\workspace\8-2-build-windows-amd64-cygwin\jdk8u65\4987\hotspot\src\s^┌га6И?
Event: 0.095 Thread 0x00000000022ee800 Exception <a 'java/lang/NoSuchMethodError': Method sun.misc.Unsafe.prefetchRead(Ljava/lang/Object;J)V name or signature does not match> (0x00000000eab13358) thrown at [C:\workspace\8-2-build-windows-amd64-cygwin\jdk8u65\4987\hotspot\src\share\vm\prims\jni.

Events (10 events):
Event: 0.637 loading class com/android/dx/dex/file/AnnotationItem
Event: 0.637 loading class com/android/dx/dex/file/AnnotationItem done
Event: 0.637 loading class java/util/Collections$UnmodifiableCollection$1
Event: 0.637 loading class java/util/Collections$UnmodifiableCollection$1 done
Event: 0.638 loading class com/android/dx/dex/file/AnnotationItem$TypeIdSorter
Event: 0.638 loading class com/android/dx/dex/file/AnnotationItem$TypeIdSorter done
Event: 0.638 loading class com/android/dx/dex/file/TypeIdItem
Event: 0.638 loading class com/android/dx/dex/file/TypeIdItem done
Event: 0.639 loading class com/android/dx/dex/file/IdItem
Event: 0.639 loading class com/android/dx/dex/file/IdItem done


Dynamic libraries:
0x000000013fbf0000 - 0x000000013fc27000 	C:\Program Files\Java\jdk1.8.0_65\bin\java.exe
0x00000000776c0000 - 0x0000000077869000 	C:\Windows\SYSTEM32\ntdll.dll
0x00000000774a0000 - 0x00000000775c0000 	C:\Windows\system32\kernel32.dll
0x000007fefd740000 - 0x000007fefd7ac000 	C:\Windows\system32\KERNELBASE.dll
0x000007fefd830000 - 0x000007fefd90b000 	C:\Windows\system32\ADVAPI32.dll
0x000007fefe670000 - 0x000007fefe70f000 	C:\Windows\system32\msvcrt.dll
0x000007fefe350000 - 0x000007fefe36f000 	C:\Windows\SYSTEM32\sechost.dll
0x000007fefdb40000 - 0x000007fefdc6d000 	C:\Windows\system32\RPCRT4.dll
0x00000000775c0000 - 0x00000000776ba000 	C:\Windows\system32\USER32.dll
0x000007fefe130000 - 0x000007fefe197000 	C:\Windows\system32\GDI32.dll
0x000007fefe480000 - 0x000007fefe48e000 	C:\Windows\system32\LPK.dll
0x000007feff4a0000 - 0x000007feff569000 	C:\Windows\system32\USP10.dll
0x000007fefbc80000 - 0x000007fefbe74000 	C:\Windows\WinSxS\amd64_microsoft.windows.common-controls_6595b64144ccf1df_6.0.7601.18837_none_fa3b1e3d17594757\COMCTL32.dll
0x000007fefe200000 - 0x000007fefe271000 	C:\Windows\system32\SHLWAPI.dll
0x000007fefdc70000 - 0x000007fefdc9e000 	C:\Windows\system32\IMM32.DLL
0x000007fefe370000 - 0x000007fefe479000 	C:\Windows\system32\MSCTF.dll
0x000007fefd3a0000 - 0x000007fefd3d1000 	C:\Windows\system32\nvinitx.dll
0x000007fefd390000 - 0x000007fefd39c000 	C:\Windows\system32\VERSION.dll
0x0000000075090000 - 0x0000000075096000 	C:\Program Files\NVIDIA Corporation\CoProcManager\detoured.dll
0x000007fefa1f0000 - 0x000007fefa222000 	C:\Program Files\NVIDIA Corporation\CoProcManager\nvd3d9wrapx.dll
0x000007fefe490000 - 0x000007fefe667000 	C:\Windows\system32\SETUPAPI.dll
0x000007fefd700000 - 0x000007fefd736000 	C:\Windows\system32\CFGMGR32.dll
0x000007feff8f0000 - 0x000007feff9c7000 	C:\Windows\system32\OLEAUT32.dll
0x000007fefdf00000 - 0x000007fefe103000 	C:\Windows\system32\ole32.dll
0x000007fefd490000 - 0x000007fefd4aa000 	C:\Windows\system32\DEVOBJ.dll
0x000007fefa170000 - 0x000007fefa192000 	C:\Program Files\NVIDIA Corporation\CoProcManager\nvdxgiwrapx.dll
0x00000000635f0000 - 0x00000000636c2000 	C:\Program Files\Java\jdk1.8.0_65\jre\bin\msvcr100.dll
0x0000000070370000 - 0x0000000070bf9000 	C:\Program Files\Java\jdk1.8.0_65\jre\bin\server\jvm.dll
0x000007fef6f40000 - 0x000007fef6f49000 	C:\Windows\system32\WSOCK32.dll
0x000007fefe280000 - 0x000007fefe2cd000 	C:\Windows\system32\WS2_32.dll
0x000007feff570000 - 0x000007feff578000 	C:\Windows\system32\NSI.dll
0x000007fefa1b0000 - 0x000007fefa1eb000 	C:\Windows\system32\WINMM.dll
0x0000000077880000 - 0x0000000077887000 	C:\Windows\system32\PSAPI.DLL
0x000000006d020000 - 0x000000006d02f000 	C:\Program Files\Java\jdk1.8.0_65\jre\bin\verify.dll
0x000000006b6b0000 - 0x000000006b6d9000 	C:\Program Files\Java\jdk1.8.0_65\jre\bin\java.dll
0x000000006b6f0000 - 0x000000006b706000 	C:\Program Files\Java\jdk1.8.0_65\jre\bin\zip.dll
0x000007fefe710000 - 0x000007feff499000 	C:\Windows\system32\SHELL32.dll
0x000007fefd480000 - 0x000007fefd48f000 	C:\Windows\system32\profapi.dll

VM Arguments:
jvm_args: -Djava.awt.headless=true -Xmx1024M -Dfile.encoding=windows-1251 -Duser.country=US -Duser.language=en -Duser.variant 
java_command: com.android.dx.command.Main --dex --num-threads=4 --output D:\Desktop\DemoMaps\app\build\intermediates\pre-dexed\debug\com.google.android.gms-play-services-ads-8.4.0_4d958e9db512a9d84c492582b1d0a1e8e521925f.jar D:\Desktop\DemoMaps\app\build\intermediates\exploded-aar\com.google.android.gms\play-services-ads\8.4.0\jars\classes.jar
java_class_path (initial): C:\Users\Denis\AppData\Local\Android\Sdk\build-tools\23.0.2\lib\dx.jar
Launcher Type: SUN_STANDARD

Environment Variables:
JAVA_HOME=C:\Program Files\Java\jdk1.8.0_74
PATH=C:\Program Files\Common Files\Microsoft Shared\Windows Live;C:\Program Files (x86)\Common Files\Microsoft Shared\Windows Live;C:\ProgramData\Oracle\Java\javapath;C:\Windows\system32;C:\Windows;C:\Windows\System32\Wbem;C:\Windows\System32\WindowsPowerShell\v1.0\;C:\Program Files (x86)\Intel\OpenCL SDK\2.0\bin\x86;C:\Program Files (x86)\Intel\OpenCL SDK\2.0\bin\x64;C:\Program Files (x86)\NVIDIA Corporation\PhysX\Common;C:\Program Files (x86)\Windows Live\Shared;C:\Program Files (x86)\Skype\Phone\;C:\Program Files\Java\jre1.8.0_66\bin;C:\Users\Denis\AppData\Local\Android\sdk\platform-tools;C:\Users\Denis\AppData\Local\Android\sdk\tools;
USERNAME=Denis
OS=Windows_NT
PROCESSOR_IDENTIFIER=Intel64 Family 6 Model 58 Stepping 9, GenuineIntel



---------------  S Y S T E M  ---------------

OS: Windows 7 , 64 bit Build 7601 (6.1.7601.19045)

CPU:total 8 (4 cores per cpu, 2 threads per core) family 6 model 58 stepping 9, cmov, cx8, fxsr, mmx, sse, sse2, sse3, ssse3, sse4.1, sse4.2, popcnt, avx, aes, clmul, erms, ht, tsc, tscinvbit, tscinv

Memory: 4k page, physical 16611692k(3704300k free), swap 16609856k(5116k free)

vm_info: Java HotSpot(TM) 64-Bit Server VM (25.65-b01) for windows-amd64 JRE (1.8.0_65-b17), built on Oct  6 2015 16:39:20 by "java_re" with MS VC++ 10.0 (VS2010)

time: Mon Mar 28 18:11:17 2016
elapsed time: 0 seconds (0d 0h 0m 0s)

