#
# There is insufficient memory for the Java Runtime Environment to continue.
# Native memory allocation (malloc) failed to allocate 65552 bytes for Chunk::new
# Possible reasons:
#   The system is out of physical RAM or swap space
#   In 32 bit mode, the process size limit was hit
# Possible solutions:
#   Reduce memory load on the system
#   Increase physical memory or swap space
#   Check if swap backing store is full
#   Use 64 bit Java on a 64 bit OS
#   Decrease Java heap size (-Xmx/-Xms)
#   Decrease number of Java threads
#   Decrease Java thread stack sizes (-Xss)
#   Set larger code cache with -XX:ReservedCodeCacheSize=
# This output file may be truncated or incomplete.
#
#  Out of Memory Error (allocation.cpp:390), pid=12116, tid=5544
#
# JRE version: Java(TM) SE Runtime Environment (8.0_65-b17) (build 1.8.0_65-b17)
# Java VM: Java HotSpot(TM) 64-Bit Server VM (25.65-b01 mixed mode windows-amd64 compressed oops)
# Failed to write core dump. Minidumps are not enabled by default on client versions of Windows
#

---------------  T H R E A D  ---------------

Current thread (0x0000000056715800):  JavaThread "C2 CompilerThread2" daemon [_thread_in_native, id=5544, stack(0x0000000058190000,0x0000000058290000)]

Stack: [0x0000000058190000,0x0000000058290000]
[error occurred during error reporting (printing stack bounds), id 0xc0000005]

Native frames: (J=compiled Java code, j=interpreted, Vv=VM code, C=native code)


Current CompileTask:
C2:   1788 1231       4       com.android.dx.ssa.back.LivenessAnalyzer::run (231 bytes)


---------------  P R O C E S S  ---------------

Java Threads: ( => current thread )
  0x00000000569fa800 JavaThread "pool-1-thread-4" [_thread_blocked, id=7144, stack(0x0000000059520000,0x0000000059620000)]
  0x0000000056a31000 JavaThread "pool-1-thread-3" [_thread_blocked, id=16080, stack(0x0000000059340000,0x0000000059440000)]
  0x0000000056a2e800 JavaThread "pool-1-thread-2" [_thread_blocked, id=17256, stack(0x0000000057f80000,0x0000000058080000)]
  0x0000000058930800 JavaThread "pool-2-thread-1" [_thread_blocked, id=14464, stack(0x0000000059120000,0x0000000059220000)]
  0x0000000056a2d800 JavaThread "pool-1-thread-1" [_thread_in_Java, id=14476, stack(0x00000000587f0000,0x00000000588f0000)]
  0x00000000567bc000 JavaThread "Service Thread" daemon [_thread_blocked, id=4640, stack(0x0000000058470000,0x0000000058570000)]
  0x0000000056717800 JavaThread "C1 CompilerThread3" daemon [_thread_blocked, id=7360, stack(0x0000000058300000,0x0000000058400000)]
=>0x0000000056715800 JavaThread "C2 CompilerThread2" daemon [_thread_in_native, id=5544, stack(0x0000000058190000,0x0000000058290000)]
  0x0000000056713000 JavaThread "C2 CompilerThread1" daemon [_thread_blocked, id=10268, stack(0x0000000057930000,0x0000000057a30000)]
  0x000000005671f800 JavaThread "C2 CompilerThread0" daemon [_thread_blocked, id=16320, stack(0x0000000058090000,0x0000000058190000)]
  0x000000005671e000 JavaThread "Attach Listener" daemon [_thread_blocked, id=17116, stack(0x0000000057e70000,0x0000000057f70000)]
  0x000000005671d000 JavaThread "Signal Dispatcher" daemon [_thread_blocked, id=12692, stack(0x0000000057c90000,0x0000000057d90000)]
  0x000000005554b000 JavaThread "Finalizer" daemon [_thread_blocked, id=17200, stack(0x0000000057a60000,0x0000000057b60000)]
  0x000000005554a000 JavaThread "Reference Handler" daemon [_thread_blocked, id=15968, stack(0x0000000057830000,0x0000000057930000)]
  0x00000000022fe800 JavaThread "main" [_thread_blocked, id=7428, stack(0x0000000002610000,0x0000000002710000)]

Other Threads:
  0x00000000566c3000 VMThread [stack: 0x0000000057650000,0x0000000057750000] [id=10140]
  0x00000000567d5000 WatcherThread [stack: 0x0000000058670000,0x0000000058770000] [id=15972]

VM state:not at safepoint (normal execution)

VM Mutex/Monitor currently owned by a thread: None

Heap:
 PSYoungGen      total 75776K, used 36422K [0x00000000eab00000, 0x00000000eff80000, 0x0000000100000000)
  eden space 65024K, 56% used [0x00000000eab00000,0x00000000ece91a18,0x00000000eea80000)
  from space 10752K, 0% used [0x00000000ef500000,0x00000000ef500000,0x00000000eff80000)
  to   space 10752K, 0% used [0x00000000eea80000,0x00000000eea80000,0x00000000ef500000)
 ParOldGen       total 173568K, used 0K [0x00000000c0000000, 0x00000000ca980000, 0x00000000eab00000)
  object space 173568K, 0% used [0x00000000c0000000,0x00000000c0000000,0x00000000ca980000)
 Metaspace       used 5996K, capacity 6960K, committed 7040K, reserved 1056768K
  class space    used 597K, capacity 616K, committed 640K, reserved 1048576K

Card table byte_map: [0x0000000011da0000,0x0000000011fb0000] byte_map_base: 0x00000000117a0000

Marking Bits: (ParMarkBitMap*) 0x0000000070b7a5b0
 Begin Bits: [0x0000000012960000, 0x0000000013960000)
 End Bits:   [0x0000000013960000, 0x0000000014960000)

Polling page: 0x0000000000130000

CodeCache: size=245760Kb used=5151Kb max_used=5156Kb free=240608Kb
 bounds [0x00000000029e0000, 0x0000000002ef0000, 0x00000000119e0000]
 total_blobs=1502 nmethods=1233 adapters=182
 compilation: enabled

Compilation events (10 events):
Event: 1.753 Thread 0x0000000056717800 1234       3       com.android.dx.dex.code.RopTranslator::access$600 (6 bytes)
Event: 1.753 Thread 0x0000000056717800 nmethod 1234 0x0000000002ee3390 code [0x0000000002ee3500, 0x0000000002ee3668]
Event: 1.754 Thread 0x0000000056717800 1232       3       com.android.dx.cf.code.ConcreteMethod::getMaxStack (8 bytes)
Event: 1.754 Thread 0x0000000056717800 nmethod 1232 0x0000000002ee2f90 code [0x0000000002ee30e0, 0x0000000002ee32d0]
Event: 1.771 Thread 0x0000000056713000 1236       4       com.android.dx.ssa.NormalSsaInsn::toRopInsn (19 bytes)
Event: 1.771 Thread 0x0000000056717800 1237       3       java.util.concurrent.locks.AbstractOwnableSynchronizer::setExclusiveOwnerThread (6 bytes)
Event: 1.771 Thread 0x0000000056717800 nmethod 1237 0x0000000002ed3dd0 code [0x0000000002ed3f20, 0x0000000002ed4090]
Event: 1.771 Thread 0x0000000056717800 1235       3       com.android.dx.ssa.back.FirstFitLocalCombiningAllocator::tryMapReg (41 bytes)
Event: 1.772 Thread 0x0000000056713000 nmethod 1236 0x0000000002ee17d0 code [0x0000000002ee1920, 0x0000000002ee19b8]
Event: 1.772 Thread 0x0000000056717800 nmethod 1235 0x0000000002eed110 code [0x0000000002eed340, 0x0000000002eee0c8]

GC Heap History (0 events):
No events

Deoptimization events (7 events):
Event: 0.742 Thread 0x00000000569fa800 Uncommon trap: reason=unstable_if action=reinterpret pc=0x0000000002be9e88 method=java.util.HashMap.getNode(ILjava/lang/Object;)Ljava/util/HashMap$Node; @ 129
Event: 1.042 Thread 0x0000000056a2e800 Uncommon trap: reason=class_check action=maybe_recompile pc=0x0000000002cd0b78 method=com.android.dx.ssa.NormalSsaInsn.accept(Lcom/android/dx/ssa/SsaInsn$Visitor;)V @ 9
Event: 1.042 Thread 0x0000000056a2e800 Uncommon trap: reason=class_check action=maybe_recompile pc=0x0000000002c68ce8 method=com.android.dx.ssa.NormalSsaInsn.accept(Lcom/android/dx/ssa/SsaInsn$Visitor;)V @ 9
Event: 1.042 Thread 0x0000000056a2e800 Uncommon trap: reason=class_check action=maybe_recompile pc=0x0000000002c68ce8 method=com.android.dx.ssa.NormalSsaInsn.accept(Lcom/android/dx/ssa/SsaInsn$Visitor;)V @ 9
Event: 1.042 Thread 0x0000000056a2e800 Uncommon trap: reason=class_check action=maybe_recompile pc=0x0000000002c68ce8 method=com.android.dx.ssa.NormalSsaInsn.accept(Lcom/android/dx/ssa/SsaInsn$Visitor;)V @ 9
Event: 1.044 Thread 0x0000000056a2e800 Uncommon trap: reason=class_check action=maybe_recompile pc=0x0000000002cd0b78 method=com.android.dx.ssa.NormalSsaInsn.accept(Lcom/android/dx/ssa/SsaInsn$Visitor;)V @ 9
Event: 1.671 Thread 0x0000000056a2e800 Uncommon trap: reason=unstable_if action=reinterpret pc=0x0000000002e0276c method=com.android.dx.util.IntList.binarysearch(I)I @ 105

Internal exceptions (2 events):
Event: 0.030 Thread 0x00000000022fe800 Exception <a 'java/lang/NoSuchMethodError': Method sun.misc.Unsafe.defineClass(Ljava/lang/String;[BII)Ljava/lang/Class; name or signature does not match> (0x00000000eab12d20) thrown at [C:\workspace\8-2-build-windows-amd64-cygwin\jdk8u65\4987\hotspot\src\sa€f»·Õž?
Event: 0.030 Thread 0x00000000022fe800 Exception <a 'java/lang/NoSuchMethodError': Method sun.misc.Unsafe.prefetchRead(Ljava/lang/Object;J)V name or signature does not match> (0x00000000eab13008) thrown at [C:\workspace\8-2-build-windows-amd64-cygwin\jdk8u65\4987\hotspot\src\share\vm\prims\jni.

Events (10 events):
Event: 1.044 Thread 0x0000000056a2e800 Uncommon trap: trap_request=0xffffffde fr.pc=0x0000000002cd0b78
Event: 1.044 Thread 0x0000000056a2e800 DEOPT PACKING pc=0x0000000002cd0b78 sp=0x000000005807e7f0
Event: 1.044 Thread 0x0000000056a2e800 DEOPT UNPACKING pc=0x0000000002a2582a sp=0x000000005807e7e0 mode 2
Event: 1.294 Thread 0x0000000056a2d800 DEOPT PACKING pc=0x0000000002c55c6f sp=0x00000000588ee530
Event: 1.294 Thread 0x0000000056a2d800 DEOPT UNPACKING pc=0x0000000002a2787f sp=0x00000000588ee310 mode 0
Event: 1.370 Executing VM operation: ForceSafepoint
Event: 1.372 Executing VM operation: ForceSafepoint done
Event: 1.561 Thread 0x0000000056a2e800 Uncommon trap: trap_request=0xffffff65 fr.pc=0x0000000002e0276c
Event: 1.671 Thread 0x0000000056a2e800 DEOPT PACKING pc=0x0000000002e0276c sp=0x000000005807e870
Event: 1.671 Thread 0x0000000056a2e800 DEOPT UNPACKING pc=0x0000000002a2582a sp=0x000000005807e7e8 mode 2


Dynamic libraries:
0x000000013fbf0000 - 0x000000013fc27000 	C:\Program Files\Java\jdk1.8.0_65\bin\java.exe
0x00000000776c0000 - 0x0000000077869000 	C:\Windows\SYSTEM32\ntdll.dll
0x00000000774a0000 - 0x00000000775c0000 	C:\Windows\system32\kernel32.dll
0x000007fefd740000 - 0x000007fefd7ac000 	C:\Windows\system32\KERNELBASE.dll
0x000007fefd830000 - 0x000007fefd90b000 	C:\Windows\system32\ADVAPI32.dll
0x000007fefe670000 - 0x000007fefe70f000 	C:\Windows\system32\msvcrt.dll
0x000007fefe350000 - 0x000007fefe36f000 	C:\Windows\SYSTEM32\sechost.dll
0x000007fefdb40000 - 0x000007fefdc6d000 	C:\Windows\system32\RPCRT4.dll
0x00000000775c0000 - 0x00000000776ba000 	C:\Windows\system32\USER32.dll
0x000007fefe130000 - 0x000007fefe197000 	C:\Windows\system32\GDI32.dll
0x000007fefe480000 - 0x000007fefe48e000 	C:\Windows\system32\LPK.dll
0x000007feff4a0000 - 0x000007feff569000 	C:\Windows\system32\USP10.dll
0x000007fefbc80000 - 0x000007fefbe74000 	C:\Windows\WinSxS\amd64_microsoft.windows.common-controls_6595b64144ccf1df_6.0.7601.18837_none_fa3b1e3d17594757\COMCTL32.dll
0x000007fefe200000 - 0x000007fefe271000 	C:\Windows\system32\SHLWAPI.dll
0x000007fefdc70000 - 0x000007fefdc9e000 	C:\Windows\system32\IMM32.DLL
0x000007fefe370000 - 0x000007fefe479000 	C:\Windows\system32\MSCTF.dll
0x000007fefd3a0000 - 0x000007fefd3d1000 	C:\Windows\system32\nvinitx.dll
0x000007fefd390000 - 0x000007fefd39c000 	C:\Windows\system32\VERSION.dll
0x0000000075090000 - 0x0000000075096000 	C:\Program Files\NVIDIA Corporation\CoProcManager\detoured.dll
0x000007fefa1f0000 - 0x000007fefa222000 	C:\Program Files\NVIDIA Corporation\CoProcManager\nvd3d9wrapx.dll
0x000007fefe490000 - 0x000007fefe667000 	C:\Windows\system32\SETUPAPI.dll
0x000007fefd700000 - 0x000007fefd736000 	C:\Windows\system32\CFGMGR32.dll
0x000007feff8f0000 - 0x000007feff9c7000 	C:\Windows\system32\OLEAUT32.dll
0x000007fefdf00000 - 0x000007fefe103000 	C:\Windows\system32\ole32.dll
0x000007fefd490000 - 0x000007fefd4aa000 	C:\Windows\system32\DEVOBJ.dll
0x000007fefa170000 - 0x000007fefa192000 	C:\Program Files\NVIDIA Corporation\CoProcManager\nvdxgiwrapx.dll
0x00000000635f0000 - 0x00000000636c2000 	C:\Program Files\Java\jdk1.8.0_65\jre\bin\msvcr100.dll
0x0000000070370000 - 0x0000000070bf9000 	C:\Program Files\Java\jdk1.8.0_65\jre\bin\server\jvm.dll
0x000007fef6f40000 - 0x000007fef6f49000 	C:\Windows\system32\WSOCK32.dll
0x000007fefe280000 - 0x000007fefe2cd000 	C:\Windows\system32\WS2_32.dll
0x000007feff570000 - 0x000007feff578000 	C:\Windows\system32\NSI.dll
0x000007fefa1b0000 - 0x000007fefa1eb000 	C:\Windows\system32\WINMM.dll
0x0000000077880000 - 0x0000000077887000 	C:\Windows\system32\PSAPI.DLL
0x000000006d020000 - 0x000000006d02f000 	C:\Program Files\Java\jdk1.8.0_65\jre\bin\verify.dll
0x000000006b6b0000 - 0x000000006b6d9000 	C:\Program Files\Java\jdk1.8.0_65\jre\bin\java.dll
0x000000006b6f0000 - 0x000000006b706000 	C:\Program Files\Java\jdk1.8.0_65\jre\bin\zip.dll
0x000007fefe710000 - 0x000007feff499000 	C:\Windows\system32\SHELL32.dll
0x000007fefd480000 - 0x000007fefd48f000 	C:\Windows\system32\profapi.dll

VM Arguments:
jvm_args: -Djava.awt.headless=true -Xmx1024M -Dfile.encoding=windows-1251 -Duser.country=US -Duser.language=en -Duser.variant 
java_command: com.android.dx.command.Main --dex --num-threads=4 --output D:\Desktop\DemoMaps\app\build\intermediates\pre-dexed\debug\com.google.android.gms-play-services-gcm-8.4.0_9691e3bc40bb935dc4b5e57c7b3b99f7d0a49e47.jar D:\Desktop\DemoMaps\app\build\intermediates\exploded-aar\com.google.android.gms\play-services-gcm\8.4.0\jars\classes.jar
java_class_path (initial): C:\Users\Denis\AppData\Local\Android\Sdk\build-tools\23.0.2\lib\dx.jar
Launcher Type: SUN_STANDARD

Environment Variables:
JAVA_HOME=C:\Program Files\Java\jdk1.8.0_74
PATH=C:\Program Files\Common Files\Microsoft Shared\Windows Live;C:\Program Files (x86)\Common Files\Microsoft Shared\Windows Live;C:\ProgramData\Oracle\Java\javapath;C:\Windows\system32;C:\Windows;C:\Windows\System32\Wbem;C:\Windows\System32\WindowsPowerShell\v1.0\;C:\Program Files (x86)\Intel\OpenCL SDK\2.0\bin\x86;C:\Program Files (x86)\Intel\OpenCL SDK\2.0\bin\x64;C:\Program Files (x86)\NVIDIA Corporation\PhysX\Common;C:\Program Files (x86)\Windows Live\Shared;C:\Program Files (x86)\Skype\Phone\;C:\Program Files\Java\jre1.8.0_66\bin;C:\Users\Denis\AppData\Local\Android\sdk\platform-tools;C:\Users\Denis\AppData\Local\Android\sdk\tools;
USERNAME=Denis
OS=Windows_NT
PROCESSOR_IDENTIFIER=Intel64 Family 6 Model 58 Stepping 9, GenuineIntel



---------------  S Y S T E M  ---------------

OS: Windows 7 , 64 bit Build 7601 (6.1.7601.19045)

CPU:total 8 (4 cores per cpu, 2 threads per core) family 6 model 58 stepping 9, cmov, cx8, fxsr, mmx, sse, sse2, sse3, ssse3, sse4.1, sse4.2, popcnt, avx, aes, clmul, erms, ht, tsc, tscinvbit, tscinv

Memory: 4k page, physical 16611692k(3666112k free), swap 16609856k(5152k free)

vm_info: Java HotSpot(TM) 64-Bit Server VM (25.65-b01) for windows-amd64 JRE (1.8.0_65-b17), built on Oct  6 2015 16:39:20 by "java_re" with MS VC++ 10.0 (VS2010)

time: Mon Mar 28 18:10:40 2016
elapsed time: 1 seconds (0d 0h 0m 1s)

