#
# A fatal error has been detected by the Java Runtime Environment:
#
#  EXCEPTION_ACCESS_VIOLATION (0xc0000005) at pc=0x00000000705818b7, pid=16112, tid=8660
#
# JRE version:  (8.0_65-b17) (build )
# Java VM: Java HotSpot(TM) 64-Bit Server VM (25.65-b01 mixed mode windows-amd64 compressed oops)
# Problematic frame:
# V  [jvm.dll+0x2118b7]
#
# Failed to write core dump. Minidumps are not enabled by default on client versions of Windows
#
# If you would like to submit a bug report, please visit:
#   http://bugreport.java.com/bugreport/crash.jsp
#

---------------  T H R E A D  ---------------

Current thread (0x00000000002ce800):  JavaThread "main" [_thread_in_vm, id=8660, stack(0x0000000002600000,0x0000000002700000)]

siginfo: ExceptionCode=0xc0000005, writing address 0x00000000026f6740

Registers:
RAX=0x00000000026f6740, RBX=0x0000000000000007, RCX=0x0000000000006000, RDX=0x0000000000000019
RSP=0x00000000026fc740, RBP=0x0000000000000000, RSI=0x00000000026fc740, RDI=0x0000000000000007
R8 =0x0000000000000019, R9 =0x0000000002246f00, R10=0x0000000054dccae8, R11=0x000000000260a150
R12=0x0000000002246f00, R13=0x00000000002ce800, R14=0x00000000026fc870, R15=0x0000000054dccae8
RIP=0x00000000705818b7, EFLAGS=0x0000000000010202

Top of Stack: (sp=0x00000000026fc740)
0x00000000026fc740:   00000000b0000000 0000000000000000
0x00000000026fc750:   00000000002ce800 0000000002246f00
0x00000000026fc760:   00000000ffffffff 00000000705827e7
0x00000000026fc770:   00000000026fc870 0000000054dccae8
0x00000000026fc780:   00000000002ce800 0000000000000001
0x00000000026fc790:   0000000002247a40 0000000000000001
0x00000000026fc7a0:   0000000000000001 0000000000000000
0x00000000026fc7b0:   0000000054dccae8 00000000002ce800
0x00000000026fc7c0:   00000000029e10c0 00000000555b4170
0x00000000026fc7d0:   0000000300000002 000000010000000e
0x00000000026fc7e0:   00000000002cf340 00000000026fcbf0
0x00000000026fc7f0:   0000000000000000 0000000054dccae8
0x00000000026fc800:   00000000002ce800 0000000014dcb458
0x00000000026fc810:   0000000000000000 00000000026fc900
0x00000000026fc820:   00000000026fc9b8 000007fefd74133c
0x00000000026fc830:   0000000000000021 00000000555b1600 

Instructions: (pc=0x00000000705818b7)
0x0000000070581897:   48 89 6c 24 30 33 ed 66 90 e8 ab 36 08 00 ff c3
0x00000000705818a7:   48 63 c8 48 8b c6 48 0f af cf 48 ff c7 48 2b c1
0x00000000705818b7:   89 28 48 63 c3 48 3b 05 cd 9d 58 00 7e db 48 8b
0x00000000705818c7:   6c 24 30 48 8b 5c 24 38 48 8b 74 24 40 48 83 c4 


Register to memory mapping:

RAX=0x00000000026f6740 is pointing into the stack for thread: 0x00000000002ce800
RBX=0x0000000000000007 is an unknown value
RCX=0x0000000000006000 is an unknown value
RDX=0x0000000000000019 is an unknown value
RSP=0x00000000026fc740 is pointing into the stack for thread: 0x00000000002ce800
RBP=0x0000000000000000 is an unknown value
RSI=0x00000000026fc740 is pointing into the stack for thread: 0x00000000002ce800
RDI=0x0000000000000007 is an unknown value
R8 =0x0000000000000019 is an unknown value
R9 =0x0000000002246f00 is an unknown value
R10={method} {0x0000000054dccaf0} '<clinit>' '()V' in 'java/lang/Throwable'
R11=0x000000000260a150 is pointing into the stack for thread: 0x00000000002ce800
R12=0x0000000002246f00 is an unknown value
R13=0x00000000002ce800 is a thread
R14=0x00000000026fc870 is pointing into the stack for thread: 0x00000000002ce800
R15={method} {0x0000000054dccaf0} '<clinit>' '()V' in 'java/lang/Throwable'


Stack: [0x0000000002600000,0x0000000002700000],  sp=0x00000000026fc740,  free space=1009k
Native frames: (J=compiled Java code, j=interpreted, Vv=VM code, C=native code)

Java frames: (J=compiled Java code, j=interpreted, Vv=VM code)
j  sun.misc.Unsafe.registerNatives()V+0
j  sun.misc.Unsafe.<clinit>()V+0
v  ~StubRoutines::call_stub
j  java.util.concurrent.atomic.AtomicInteger.<clinit>()V+0
v  ~StubRoutines::call_stub
j  java.lang.ThreadLocal.<clinit>()V+0
v  ~StubRoutines::call_stub
j  java.nio.charset.Charset.<clinit>()V+22
v  ~StubRoutines::call_stub
j  java.lang.System.initProperties(Ljava/util/Properties;)Ljava/util/Properties;+0
j  java.lang.System.initializeSystemClass()V+13
v  ~StubRoutines::call_stub

---------------  P R O C E S S  ---------------

Java Threads: ( => current thread )
  0x000000005579b000 JavaThread "Finalizer" daemon [_thread_blocked, id=15572, stack(0x00000000578f0000,0x00000000579f0000)]
  0x0000000055794800 JavaThread "Reference Handler" daemon [_thread_blocked, id=16612, stack(0x00000000577a0000,0x00000000578a0000)]
=>0x00000000002ce800 JavaThread "main" [_thread_in_vm, id=8660, stack(0x0000000002600000,0x0000000002700000)]

Other Threads:
  0x00000000566f0800 VMThread [stack: 0x0000000057660000,0x0000000057760000] [id=9680]

VM state:not at safepoint (normal execution)

VM Mutex/Monitor currently owned by a thread: None

Heap:
 PSYoungGen      total 75776K, used 2601K [0x00000000eab00000, 0x00000000eff80000, 0x0000000100000000)
  eden space 65024K, 4% used [0x00000000eab00000,0x00000000ead8a490,0x00000000eea80000)
  from space 10752K, 0% used [0x00000000ef500000,0x00000000ef500000,0x00000000eff80000)
  to   space 10752K, 0% used [0x00000000eea80000,0x00000000eea80000,0x00000000ef500000)
 ParOldGen       total 173568K, used 0K [0x00000000c0000000, 0x00000000ca980000, 0x00000000eab00000)
  object space 173568K, 0% used [0x00000000c0000000,0x00000000c0000000,0x00000000ca980000)
 Metaspace       used 1034K, capacity 4480K, committed 4480K, reserved 1056768K
  class space    used 109K, capacity 384K, committed 384K, reserved 1048576K

Card table byte_map: [0x0000000011d90000,0x0000000011fa0000] byte_map_base: 0x0000000011790000

Marking Bits: (ParMarkBitMap*) 0x0000000070b7a5b0
 Begin Bits: [0x0000000012bb0000, 0x0000000013bb0000)
 End Bits:   [0x0000000013bb0000, 0x0000000014bb0000)

Polling page: 0x0000000000130000

CodeCache: size=245760Kb used=403Kb max_used=403Kb free=245357Kb
 bounds [0x00000000029d0000, 0x0000000002c40000, 0x00000000119d0000]
 total_blobs=101 nmethods=0 adapters=75
 compilation: enabled

Compilation events (0 events):
No events

GC Heap History (0 events):
No events

Deoptimization events (0 events):
No events

Internal exceptions (0 events):
No events

Events (10 events):
Event: 0.060 loading class sun/nio/cs/StandardCharsets$Cache
Event: 0.060 loading class sun/nio/cs/StandardCharsets$Cache done
Event: 0.060 loading class java/lang/ThreadLocal
Event: 0.060 loading class java/lang/ThreadLocal done
Event: 0.060 loading class java/util/concurrent/atomic/AtomicInteger
Event: 0.060 loading class java/util/concurrent/atomic/AtomicInteger done
Event: 0.060 loading class java/lang/NoSuchMethodError
Event: 0.060 loading class java/lang/IncompatibleClassChangeError
Event: 0.060 loading class java/lang/IncompatibleClassChangeError done
Event: 0.060 loading class java/lang/NoSuchMethodError done


Dynamic libraries:
0x000000013fbf0000 - 0x000000013fc27000 	C:\Program Files\Java\jdk1.8.0_65\bin\java.exe
0x00000000776c0000 - 0x0000000077869000 	C:\Windows\SYSTEM32\ntdll.dll
0x00000000774a0000 - 0x00000000775c0000 	C:\Windows\system32\kernel32.dll
0x000007fefd740000 - 0x000007fefd7ac000 	C:\Windows\system32\KERNELBASE.dll
0x000007fefd830000 - 0x000007fefd90b000 	C:\Windows\system32\ADVAPI32.dll
0x000007fefe670000 - 0x000007fefe70f000 	C:\Windows\system32\msvcrt.dll
0x000007fefe350000 - 0x000007fefe36f000 	C:\Windows\SYSTEM32\sechost.dll
0x000007fefdb40000 - 0x000007fefdc6d000 	C:\Windows\system32\RPCRT4.dll
0x00000000775c0000 - 0x00000000776ba000 	C:\Windows\system32\USER32.dll
0x000007fefe130000 - 0x000007fefe197000 	C:\Windows\system32\GDI32.dll
0x000007fefe480000 - 0x000007fefe48e000 	C:\Windows\system32\LPK.dll
0x000007feff4a0000 - 0x000007feff569000 	C:\Windows\system32\USP10.dll
0x000007fefbc80000 - 0x000007fefbe74000 	C:\Windows\WinSxS\amd64_microsoft.windows.common-controls_6595b64144ccf1df_6.0.7601.18837_none_fa3b1e3d17594757\COMCTL32.dll
0x000007fefe200000 - 0x000007fefe271000 	C:\Windows\system32\SHLWAPI.dll
0x000007fefdc70000 - 0x000007fefdc9e000 	C:\Windows\system32\IMM32.DLL
0x000007fefe370000 - 0x000007fefe479000 	C:\Windows\system32\MSCTF.dll
0x000007fefd3a0000 - 0x000007fefd3d1000 	C:\Windows\system32\nvinitx.dll
0x000007fefd390000 - 0x000007fefd39c000 	C:\Windows\system32\VERSION.dll
0x0000000075090000 - 0x0000000075096000 	C:\Program Files\NVIDIA Corporation\CoProcManager\detoured.dll
0x000007fefa1f0000 - 0x000007fefa222000 	C:\Program Files\NVIDIA Corporation\CoProcManager\nvd3d9wrapx.dll
0x000007fefe490000 - 0x000007fefe667000 	C:\Windows\system32\SETUPAPI.dll
0x000007fefd700000 - 0x000007fefd736000 	C:\Windows\system32\CFGMGR32.dll
0x000007feff8f0000 - 0x000007feff9c7000 	C:\Windows\system32\OLEAUT32.dll
0x000007fefdf00000 - 0x000007fefe103000 	C:\Windows\system32\ole32.dll
0x000007fefd490000 - 0x000007fefd4aa000 	C:\Windows\system32\DEVOBJ.dll
0x000007fefa170000 - 0x000007fefa192000 	C:\Program Files\NVIDIA Corporation\CoProcManager\nvdxgiwrapx.dll
0x00000000635f0000 - 0x00000000636c2000 	C:\Program Files\Java\jdk1.8.0_65\jre\bin\msvcr100.dll
0x0000000070370000 - 0x0000000070bf9000 	C:\Program Files\Java\jdk1.8.0_65\jre\bin\server\jvm.dll
0x000007fef6f40000 - 0x000007fef6f49000 	C:\Windows\system32\WSOCK32.dll
0x000007fefe280000 - 0x000007fefe2cd000 	C:\Windows\system32\WS2_32.dll
0x000007feff570000 - 0x000007feff578000 	C:\Windows\system32\NSI.dll
0x000007fefa1b0000 - 0x000007fefa1eb000 	C:\Windows\system32\WINMM.dll
0x0000000077880000 - 0x0000000077887000 	C:\Windows\system32\PSAPI.DLL
0x000000006d020000 - 0x000000006d02f000 	C:\Program Files\Java\jdk1.8.0_65\jre\bin\verify.dll
0x000000006b6b0000 - 0x000000006b6d9000 	C:\Program Files\Java\jdk1.8.0_65\jre\bin\java.dll
0x000000006b6f0000 - 0x000000006b706000 	C:\Program Files\Java\jdk1.8.0_65\jre\bin\zip.dll
0x000007fefe710000 - 0x000007feff499000 	C:\Windows\system32\SHELL32.dll
0x000007fefd480000 - 0x000007fefd48f000 	C:\Windows\system32\profapi.dll
0x000007fef7e10000 - 0x000007fef7f35000 	C:\Windows\system32\dbghelp.dll

VM Arguments:
jvm_args: -Djava.awt.headless=true -Xmx1024M -Dfile.encoding=windows-1251 -Duser.country=US -Duser.language=en -Duser.variant 
java_command: com.android.dx.command.Main --dex --num-threads=4 --output D:\Desktop\DemoMaps\app\build\intermediates\pre-dexed\debug\com.google.android.gms-play-services-drive-8.4.0_795237299e941c4d0aba0ff42f1c8177fb777c96.jar D:\Desktop\DemoMaps\app\build\intermediates\exploded-aar\com.google.android.gms\play-services-drive\8.4.0\jars\classes.jar
java_class_path (initial): C:\Users\Denis\AppData\Local\Android\Sdk\build-tools\23.0.2\lib\dx.jar
Launcher Type: SUN_STANDARD

Environment Variables:
JAVA_HOME=C:\Program Files\Java\jdk1.8.0_74
PATH=C:\Program Files\Common Files\Microsoft Shared\Windows Live;C:\Program Files (x86)\Common Files\Microsoft Shared\Windows Live;C:\ProgramData\Oracle\Java\javapath;C:\Windows\system32;C:\Windows;C:\Windows\System32\Wbem;C:\Windows\System32\WindowsPowerShell\v1.0\;C:\Program Files (x86)\Intel\OpenCL SDK\2.0\bin\x86;C:\Program Files (x86)\Intel\OpenCL SDK\2.0\bin\x64;C:\Program Files (x86)\NVIDIA Corporation\PhysX\Common;C:\Program Files (x86)\Windows Live\Shared;C:\Program Files (x86)\Skype\Phone\;C:\Program Files\Java\jre1.8.0_66\bin;C:\Users\Denis\AppData\Local\Android\sdk\platform-tools;C:\Users\Denis\AppData\Local\Android\sdk\tools;
USERNAME=Denis
OS=Windows_NT
PROCESSOR_IDENTIFIER=Intel64 Family 6 Model 58 Stepping 9, GenuineIntel



---------------  S Y S T E M  ---------------

OS: Windows 7 , 64 bit Build 7601 (6.1.7601.19045)

CPU:total 8 (4 cores per cpu, 2 threads per core) family 6 model 58 stepping 9, cmov, cx8, fxsr, mmx, sse, sse2, sse3, ssse3, sse4.1, sse4.2, popcnt, avx, aes, clmul, erms, ht, tsc, tscinvbit, tscinv

Memory: 4k page, physical 16611692k(3907888k free), swap 16609856k(1089752k free)

vm_info: Java HotSpot(TM) 64-Bit Server VM (25.65-b01) for windows-amd64 JRE (1.8.0_65-b17), built on Oct  6 2015 16:39:20 by "java_re" with MS VC++ 10.0 (VS2010)

time: Mon Mar 28 18:11:16 2016
elapsed time: 0 seconds (0d 0h 0m 0s)

