#
# There is insufficient memory for the Java Runtime Environment to continue.
# Native memory allocation (malloc) failed to allocate 22536 bytes for AllocateHeap
# Possible reasons:
#   The system is out of physical RAM or swap space
#   In 32 bit mode, the process size limit was hit
# Possible solutions:
#   Reduce memory load on the system
#   Increase physical memory or swap space
#   Check if swap backing store is full
#   Use 64 bit Java on a 64 bit OS
#   Decrease Java heap size (-Xmx/-Xms)
#   Decrease number of Java threads
#   Decrease Java thread stack sizes (-Xss)
#   Set larger code cache with -XX:ReservedCodeCacheSize=
# This output file may be truncated or incomplete.
#
#  Out of Memory Error (memory/allocation.inline.hpp:61), pid=15284, tid=8196
#
# JRE version:  (8.0_65-b17) (build )
# Java VM: Java HotSpot(TM) 64-Bit Server VM (25.65-b01 mixed mode windows-amd64 compressed oops)
# Failed to write core dump. Minidumps are not enabled by default on client versions of Windows
#

---------------  T H R E A D  ---------------

Current thread (0x0000000055715800):  JavaThread "Finalizer" daemon [_thread_in_vm, id=8196, stack(0x00000000579d0000,0x0000000057ad0000)]

Stack: [0x00000000579d0000,0x0000000057ad0000]
[error occurred during error reporting (printing stack bounds), id 0xc0000005]

Native frames: (J=compiled Java code, j=interpreted, Vv=VM code, C=native code)

Java frames: (J=compiled Java code, j=interpreted, Vv=VM code)
j  java.lang.Object.wait(J)V+0
j  java.lang.Object.wait()V+2
j  sun.misc.VM.awaitBooted()V+15
j  java.lang.ref.Finalizer$FinalizerThread.run()V+14
v  ~StubRoutines::call_stub

---------------  P R O C E S S  ---------------

Java Threads: ( => current thread )
=>0x0000000055715800 JavaThread "Finalizer" daemon [_thread_in_vm, id=8196, stack(0x00000000579d0000,0x0000000057ad0000)]
  0x0000000055714800 JavaThread "Reference Handler" daemon [_thread_new, id=9256, stack(0x0000000000000000,0x0000000000000000)]
  0x000000000218e800 JavaThread "main" [_thread_in_native, id=17256, stack(0x00000000023a0000,0x00000000024a0000)]

Other Threads:
  0x0000000056670800 VMThread [stack: 0x0000000057620000,0x0000000057720000] [id=5516]

VM state:not at safepoint (normal execution)

VM Mutex/Monitor currently owned by a thread: None

Heap:
 PSYoungGen      total 75776K, used 2601K [0x00000000eab00000, 0x00000000eff80000, 0x0000000100000000)
  eden space 65024K, 4% used [0x00000000eab00000,0x00000000ead8a490,0x00000000eea80000)
  from space 10752K, 0% used [0x00000000ef500000,0x00000000ef500000,0x00000000eff80000)
  to   space 10752K, 0% used [0x00000000eea80000,0x00000000eea80000,0x00000000ef500000)
 ParOldGen       total 173568K, used 0K [0x00000000c0000000, 0x00000000ca980000, 0x00000000eab00000)
  object space 173568K, 0% used [0x00000000c0000000,0x00000000c0000000,0x00000000ca980000)
 Metaspace       used 958K, capacity 4480K, committed 4480K, reserved 1056768K
  class space    used 99K, capacity 384K, committed 384K, reserved 1048576K

Card table byte_map: [0x0000000011b30000,0x0000000011d40000] byte_map_base: 0x0000000011530000

Marking Bits: (ParMarkBitMap*) 0x0000000070b7a5b0
 Begin Bits: [0x0000000012b30000, 0x0000000013b30000)
 End Bits:   [0x0000000013b30000, 0x0000000014b30000)

Polling page: 0x0000000000240000

CodeCache: size=245760Kb used=402Kb max_used=402Kb free=245358Kb
 bounds [0x0000000002770000, 0x00000000029e0000, 0x0000000011770000]
 total_blobs=99 nmethods=0 adapters=73
 compilation: enabled

Compilation events (0 events):
No events

GC Heap History (0 events):
No events

Deoptimization events (0 events):
No events

Internal exceptions (0 events):
No events

Events (10 events):
Event: 0.064 loading class java/lang/ref/Finalizer$FinalizerThread done
Event: 0.064 Thread 0x0000000055715800 Thread added: 0x0000000055715800
Event: 0.065 loading class java/util/Hashtable$Entry
Event: 0.065 loading class java/util/Map$Entry
Event: 0.065 loading class java/util/Map$Entry done
Event: 0.065 loading class java/util/Hashtable$Entry done
Event: 0.065 loading class java/lang/Math
Event: 0.065 loading class java/lang/Math done
Event: 0.068 loading class sun/misc/VM
Event: 0.068 loading class sun/misc/VM done


Dynamic libraries:
0x000000013fbf0000 - 0x000000013fc27000 	C:\Program Files\Java\jdk1.8.0_65\bin\java.exe
0x00000000776c0000 - 0x0000000077869000 	C:\Windows\SYSTEM32\ntdll.dll
0x00000000774a0000 - 0x00000000775c0000 	C:\Windows\system32\kernel32.dll
0x000007fefd740000 - 0x000007fefd7ac000 	C:\Windows\system32\KERNELBASE.dll
0x000007fefd830000 - 0x000007fefd90b000 	C:\Windows\system32\ADVAPI32.dll
0x000007fefe670000 - 0x000007fefe70f000 	C:\Windows\system32\msvcrt.dll
0x000007fefe350000 - 0x000007fefe36f000 	C:\Windows\SYSTEM32\sechost.dll
0x000007fefdb40000 - 0x000007fefdc6d000 	C:\Windows\system32\RPCRT4.dll
0x00000000775c0000 - 0x00000000776ba000 	C:\Windows\system32\USER32.dll
0x000007fefe130000 - 0x000007fefe197000 	C:\Windows\system32\GDI32.dll
0x000007fefe480000 - 0x000007fefe48e000 	C:\Windows\system32\LPK.dll
0x000007feff4a0000 - 0x000007feff569000 	C:\Windows\system32\USP10.dll
0x000007fefbc80000 - 0x000007fefbe74000 	C:\Windows\WinSxS\amd64_microsoft.windows.common-controls_6595b64144ccf1df_6.0.7601.18837_none_fa3b1e3d17594757\COMCTL32.dll
0x000007fefe200000 - 0x000007fefe271000 	C:\Windows\system32\SHLWAPI.dll
0x000007fefdc70000 - 0x000007fefdc9e000 	C:\Windows\system32\IMM32.DLL
0x000007fefe370000 - 0x000007fefe479000 	C:\Windows\system32\MSCTF.dll
0x000007fefd3a0000 - 0x000007fefd3d1000 	C:\Windows\system32\nvinitx.dll
0x000007fefd390000 - 0x000007fefd39c000 	C:\Windows\system32\VERSION.dll
0x0000000075090000 - 0x0000000075096000 	C:\Program Files\NVIDIA Corporation\CoProcManager\detoured.dll
0x000007fefa1f0000 - 0x000007fefa222000 	C:\Program Files\NVIDIA Corporation\CoProcManager\nvd3d9wrapx.dll
0x000007fefe490000 - 0x000007fefe667000 	C:\Windows\system32\SETUPAPI.dll
0x000007fefd700000 - 0x000007fefd736000 	C:\Windows\system32\CFGMGR32.dll
0x000007feff8f0000 - 0x000007feff9c7000 	C:\Windows\system32\OLEAUT32.dll
0x000007fefdf00000 - 0x000007fefe103000 	C:\Windows\system32\ole32.dll
0x000007fefd490000 - 0x000007fefd4aa000 	C:\Windows\system32\DEVOBJ.dll
0x000007fefa170000 - 0x000007fefa192000 	C:\Program Files\NVIDIA Corporation\CoProcManager\nvdxgiwrapx.dll
0x00000000635f0000 - 0x00000000636c2000 	C:\Program Files\Java\jdk1.8.0_65\jre\bin\msvcr100.dll
0x0000000070370000 - 0x0000000070bf9000 	C:\Program Files\Java\jdk1.8.0_65\jre\bin\server\jvm.dll
0x000007fef6f40000 - 0x000007fef6f49000 	C:\Windows\system32\WSOCK32.dll
0x000007fefe280000 - 0x000007fefe2cd000 	C:\Windows\system32\WS2_32.dll
0x000007feff570000 - 0x000007feff578000 	C:\Windows\system32\NSI.dll
0x000007fefa1b0000 - 0x000007fefa1eb000 	C:\Windows\system32\WINMM.dll
0x0000000077880000 - 0x0000000077887000 	C:\Windows\system32\PSAPI.DLL
0x000000006d020000 - 0x000000006d02f000 	C:\Program Files\Java\jdk1.8.0_65\jre\bin\verify.dll
0x000000006b6b0000 - 0x000000006b6d9000 	C:\Program Files\Java\jdk1.8.0_65\jre\bin\java.dll
0x000000006b6f0000 - 0x000000006b706000 	C:\Program Files\Java\jdk1.8.0_65\jre\bin\zip.dll

VM Arguments:
jvm_args: -Djava.awt.headless=true -Xmx1024M -Dfile.encoding=windows-1251 -Duser.country=US -Duser.language=en -Duser.variant 
java_command: com.android.dx.command.Main --dex --num-threads=4 --output D:\Desktop\DemoMaps\app\build\intermediates\pre-dexed\debug\com.google.android.gms-play-services-wearable-8.4.0_047ccc6b8b69734ef1dff55a800330fe08d22988.jar D:\Desktop\DemoMaps\app\build\intermediates\exploded-aar\com.google.android.gms\play-services-wearable\8.4.0\jars\classes.jar
java_class_path (initial): C:\Users\Denis\AppData\Local\Android\Sdk\build-tools\23.0.2\lib\dx.jar
Launcher Type: SUN_STANDARD

Environment Variables:
JAVA_HOME=C:\Program Files\Java\jdk1.8.0_74
PATH=C:\Program Files\Common Files\Microsoft Shared\Windows Live;C:\Program Files (x86)\Common Files\Microsoft Shared\Windows Live;C:\ProgramData\Oracle\Java\javapath;C:\Windows\system32;C:\Windows;C:\Windows\System32\Wbem;C:\Windows\System32\WindowsPowerShell\v1.0\;C:\Program Files (x86)\Intel\OpenCL SDK\2.0\bin\x86;C:\Program Files (x86)\Intel\OpenCL SDK\2.0\bin\x64;C:\Program Files (x86)\NVIDIA Corporation\PhysX\Common;C:\Program Files (x86)\Windows Live\Shared;C:\Program Files (x86)\Skype\Phone\;C:\Program Files\Java\jre1.8.0_66\bin;C:\Users\Denis\AppData\Local\Android\sdk\platform-tools;C:\Users\Denis\AppData\Local\Android\sdk\tools;
USERNAME=Denis
OS=Windows_NT
PROCESSOR_IDENTIFIER=Intel64 Family 6 Model 58 Stepping 9, GenuineIntel



---------------  S Y S T E M  ---------------

OS: Windows 7 , 64 bit Build 7601 (6.1.7601.19045)

CPU:total 8 (4 cores per cpu, 2 threads per core) family 6 model 58 stepping 9, cmov, cx8, fxsr, mmx, sse, sse2, sse3, ssse3, sse4.1, sse4.2, popcnt, avx, aes, clmul, erms, ht, tsc, tscinvbit, tscinv

Memory: 4k page, physical 16611692k(3704292k free), swap 16609856k(5132k free)

vm_info: Java HotSpot(TM) 64-Bit Server VM (25.65-b01) for windows-amd64 JRE (1.8.0_65-b17), built on Oct  6 2015 16:39:20 by "java_re" with MS VC++ 10.0 (VS2010)

time: Mon Mar 28 18:11:17 2016
elapsed time: 0 seconds (0d 0h 0m 0s)

