#
# There is insufficient memory for the Java Runtime Environment to continue.
# Native memory allocation (malloc) failed to allocate 32744 bytes for ChunkPool::allocate
# Possible reasons:
#   The system is out of physical RAM or swap space
#   In 32 bit mode, the process size limit was hit
# Possible solutions:
#   Reduce memory load on the system
#   Increase physical memory or swap space
#   Check if swap backing store is full
#   Use 64 bit Java on a 64 bit OS
#   Decrease Java heap size (-Xmx/-Xms)
#   Decrease number of Java threads
#   Decrease Java thread stack sizes (-Xss)
#   Set larger code cache with -XX:ReservedCodeCacheSize=
# This output file may be truncated or incomplete.
#
#  Out of Memory Error (allocation.cpp:273), pid=9320, tid=16296
#
# JRE version: Java(TM) SE Runtime Environment (8.0_65-b17) (build 1.8.0_65-b17)
# Java VM: Java HotSpot(TM) 64-Bit Server VM (25.65-b01 mixed mode windows-amd64 compressed oops)
# Failed to write core dump. Minidumps are not enabled by default on client versions of Windows
#

---------------  T H R E A D  ---------------

Current thread (0x00000000565a4800):  JavaThread "C1 CompilerThread3" daemon [_thread_in_native, id=16296, stack(0x0000000057590000,0x0000000057690000)]

Stack: [0x0000000057590000,0x0000000057690000]
[error occurred during error reporting (printing stack bounds), id 0xc0000005]

Native frames: (J=compiled Java code, j=interpreted, Vv=VM code, C=native code)


Current CompileTask:
C1:   1604  492   !   3       com.android.dx.cf.code.BytecodeArray::parseInstruction (2764 bytes)


---------------  P R O C E S S  ---------------

Java Threads: ( => current thread )
  0x000000005883d000 JavaThread "pool-1-thread-4" [_thread_blocked, id=14760, stack(0x0000000059120000,0x0000000059220000)]
  0x00000000567a5000 JavaThread "pool-1-thread-3" [_thread_in_Java, id=17388, stack(0x0000000058730000,0x0000000058830000)]
  0x0000000056769000 JavaThread "pool-1-thread-2" [_thread_in_Java, id=8644, stack(0x0000000057ca0000,0x0000000057da0000)]
  0x0000000056766800 JavaThread "pool-2-thread-1" [_thread_blocked, id=16212, stack(0x00000000585f0000,0x00000000586f0000)]
  0x0000000056766000 JavaThread "pool-1-thread-1" [_thread_blocked, id=16880, stack(0x0000000057a90000,0x0000000057b90000)]
  0x00000000565c0800 JavaThread "Service Thread" daemon [_thread_blocked, id=16636, stack(0x0000000058380000,0x0000000058480000)]
=>0x00000000565a4800 JavaThread "C1 CompilerThread3" daemon [_thread_in_native, id=16296, stack(0x0000000057590000,0x0000000057690000)]
  0x0000000056569000 JavaThread "C2 CompilerThread2" daemon [_thread_blocked, id=5688, stack(0x0000000058140000,0x0000000058240000)]
  0x000000005653e000 JavaThread "C2 CompilerThread1" daemon [_thread_blocked, id=14648, stack(0x0000000057ff0000,0x00000000580f0000)]
  0x000000005653a000 JavaThread "C2 CompilerThread0" daemon [_thread_blocked, id=9000, stack(0x0000000057de0000,0x0000000057ee0000)]
  0x0000000056537000 JavaThread "Attach Listener" daemon [_thread_blocked, id=15892, stack(0x0000000057b90000,0x0000000057c90000)]
  0x0000000056547800 JavaThread "Signal Dispatcher" daemon [_thread_blocked, id=15596, stack(0x0000000057990000,0x0000000057a90000)]
  0x000000005548b000 JavaThread "Finalizer" daemon [_thread_blocked, id=15412, stack(0x0000000057890000,0x0000000057990000)]
  0x0000000055484800 JavaThread "Reference Handler" daemon [_thread_blocked, id=16512, stack(0x00000000576d0000,0x00000000577d0000)]
  0x00000000021ee800 JavaThread "main" [_thread_blocked, id=16044, stack(0x0000000002490000,0x0000000002590000)]

Other Threads:
  0x00000000564f0800 VMThread [stack: 0x0000000057480000,0x0000000057580000] [id=13912]
  0x00000000565c5800 WatcherThread [stack: 0x0000000058490000,0x0000000058590000] [id=17260]

VM state:not at safepoint (normal execution)

VM Mutex/Monitor currently owned by a thread: None

Heap:
 PSYoungGen      total 75776K, used 18470K [0x00000000eab00000, 0x00000000eff80000, 0x0000000100000000)
  eden space 65024K, 28% used [0x00000000eab00000,0x00000000ebd09bf0,0x00000000eea80000)
  from space 10752K, 0% used [0x00000000ef500000,0x00000000ef500000,0x00000000eff80000)
  to   space 10752K, 0% used [0x00000000eea80000,0x00000000eea80000,0x00000000ef500000)
 ParOldGen       total 173568K, used 0K [0x00000000c0000000, 0x00000000ca980000, 0x00000000eab00000)
  object space 173568K, 0% used [0x00000000c0000000,0x00000000c0000000,0x00000000ca980000)
 Metaspace       used 5455K, capacity 6448K, committed 6528K, reserved 1056768K
  class space    used 594K, capacity 616K, committed 640K, reserved 1048576K

Card table byte_map: [0x0000000011c20000,0x0000000011e30000] byte_map_base: 0x0000000011620000

Marking Bits: (ParMarkBitMap*) 0x0000000070b7a5b0
 Begin Bits: [0x00000000128a0000, 0x00000000138a0000)
 End Bits:   [0x00000000138a0000, 0x00000000148a0000)

Polling page: 0x0000000001fd0000

CodeCache: size=245760Kb used=1974Kb max_used=1985Kb free=243785Kb
 bounds [0x0000000002860000, 0x0000000002ad0000, 0x0000000011860000]
 total_blobs=751 nmethods=483 adapters=181
 compilation: enabled

Compilation events (10 events):
Event: 1.594 Thread 0x00000000565a4800 nmethod 489 0x0000000002a4bad0 code [0x0000000002a4bca0, 0x0000000002a4c5b8]
Event: 1.594 Thread 0x00000000565a4800  491       3       com.android.dx.rop.code.BasicBlockList::labelToBlock (46 bytes)
Event: 1.595 Thread 0x00000000565a4800 nmethod 491 0x0000000002a4c950 code [0x0000000002a4cb80, 0x0000000002a4d888]
Event: 1.595 Thread 0x00000000565a4800  490       3       com.android.dx.rop.code.InsnList::set (7 bytes)
Event: 1.595 Thread 0x00000000565a4800 nmethod 490 0x0000000002a4dd90 code [0x0000000002a4df60, 0x0000000002a4e728]
Event: 1.595 Thread 0x00000000565a4800  492   !   3       com.android.dx.cf.code.BytecodeArray::parseInstruction (2764 bytes)
Event: 1.598 Thread 0x0000000056569000  484       4       com.android.dx.util.MutabilityControl::<init> (10 bytes)
Event: 1.598 Thread 0x000000005653a000  486       4       com.android.dx.util.Bits::set (19 bytes)
Event: 1.598 Thread 0x0000000056569000 nmethod 484 0x0000000002a31390 code [0x0000000002a314c0, 0x0000000002a31518]
Event: 1.599 Thread 0x000000005653a000 nmethod 486 0x0000000002a50190 code [0x0000000002a502c0, 0x0000000002a50358]

GC Heap History (0 events):
No events

Deoptimization events (0 events):
No events

Internal exceptions (2 events):
Event: 0.109 Thread 0x00000000021ee800 Exception <a 'java/lang/NoSuchMethodError': Method sun.misc.Unsafe.defineClass(Ljava/lang/String;[BII)Ljava/lang/Class; name or signature does not match> (0x00000000eab13070) thrown at [C:\workspace\8-2-build-windows-amd64-cygwin\jdk8u65\4987\hotspot\src\sèh3›Ìª?
Event: 0.109 Thread 0x00000000021ee800 Exception <a 'java/lang/NoSuchMethodError': Method sun.misc.Unsafe.prefetchRead(Ljava/lang/Object;J)V name or signature does not match> (0x00000000eab13358) thrown at [C:\workspace\8-2-build-windows-amd64-cygwin\jdk8u65\4987\hotspot\src\share\vm\prims\jni.

Events (10 events):
Event: 1.408 loading class com/android/dx/ssa/PhiInsn$Operand done
Event: 1.416 loading class com/android/dx/dex/file/MethodAnnotationStruct
Event: 1.416 loading class com/android/dx/dex/file/MethodAnnotationStruct done
Event: 1.426 loading class com/android/dx/dex/file/ParameterAnnotationStruct
Event: 1.426 loading class com/android/dx/dex/file/ParameterAnnotationStruct done
Event: 1.427 loading class com/android/dx/dex/file/UniformListItem
Event: 1.427 loading class com/android/dx/dex/file/UniformListItem done
Event: 1.427 loading class com/android/dx/dex/file/AnnotationSetRefItem
Event: 1.427 loading class com/android/dx/dex/file/AnnotationSetRefItem done
Event: 1.540 Thread 0x000000005883d000 Thread added: 0x000000005883d000


Dynamic libraries:
0x000000013fbf0000 - 0x000000013fc27000 	C:\Program Files\Java\jdk1.8.0_65\bin\java.exe
0x00000000776c0000 - 0x0000000077869000 	C:\Windows\SYSTEM32\ntdll.dll
0x00000000774a0000 - 0x00000000775c0000 	C:\Windows\system32\kernel32.dll
0x000007fefd740000 - 0x000007fefd7ac000 	C:\Windows\system32\KERNELBASE.dll
0x000007fefd830000 - 0x000007fefd90b000 	C:\Windows\system32\ADVAPI32.dll
0x000007fefe670000 - 0x000007fefe70f000 	C:\Windows\system32\msvcrt.dll
0x000007fefe350000 - 0x000007fefe36f000 	C:\Windows\SYSTEM32\sechost.dll
0x000007fefdb40000 - 0x000007fefdc6d000 	C:\Windows\system32\RPCRT4.dll
0x00000000775c0000 - 0x00000000776ba000 	C:\Windows\system32\USER32.dll
0x000007fefe130000 - 0x000007fefe197000 	C:\Windows\system32\GDI32.dll
0x000007fefe480000 - 0x000007fefe48e000 	C:\Windows\system32\LPK.dll
0x000007feff4a0000 - 0x000007feff569000 	C:\Windows\system32\USP10.dll
0x000007fefbc80000 - 0x000007fefbe74000 	C:\Windows\WinSxS\amd64_microsoft.windows.common-controls_6595b64144ccf1df_6.0.7601.18837_none_fa3b1e3d17594757\COMCTL32.dll
0x000007fefe200000 - 0x000007fefe271000 	C:\Windows\system32\SHLWAPI.dll
0x000007fefdc70000 - 0x000007fefdc9e000 	C:\Windows\system32\IMM32.DLL
0x000007fefe370000 - 0x000007fefe479000 	C:\Windows\system32\MSCTF.dll
0x000007fefd3a0000 - 0x000007fefd3d1000 	C:\Windows\system32\nvinitx.dll
0x000007fefd390000 - 0x000007fefd39c000 	C:\Windows\system32\VERSION.dll
0x0000000075090000 - 0x0000000075096000 	C:\Program Files\NVIDIA Corporation\CoProcManager\detoured.dll
0x000007fefa1f0000 - 0x000007fefa222000 	C:\Program Files\NVIDIA Corporation\CoProcManager\nvd3d9wrapx.dll
0x000007fefe490000 - 0x000007fefe667000 	C:\Windows\system32\SETUPAPI.dll
0x000007fefd700000 - 0x000007fefd736000 	C:\Windows\system32\CFGMGR32.dll
0x000007feff8f0000 - 0x000007feff9c7000 	C:\Windows\system32\OLEAUT32.dll
0x000007fefdf00000 - 0x000007fefe103000 	C:\Windows\system32\ole32.dll
0x000007fefd490000 - 0x000007fefd4aa000 	C:\Windows\system32\DEVOBJ.dll
0x000007fefa170000 - 0x000007fefa192000 	C:\Program Files\NVIDIA Corporation\CoProcManager\nvdxgiwrapx.dll
0x00000000635f0000 - 0x00000000636c2000 	C:\Program Files\Java\jdk1.8.0_65\jre\bin\msvcr100.dll
0x0000000070370000 - 0x0000000070bf9000 	C:\Program Files\Java\jdk1.8.0_65\jre\bin\server\jvm.dll
0x000007fef6f40000 - 0x000007fef6f49000 	C:\Windows\system32\WSOCK32.dll
0x000007fefe280000 - 0x000007fefe2cd000 	C:\Windows\system32\WS2_32.dll
0x000007feff570000 - 0x000007feff578000 	C:\Windows\system32\NSI.dll
0x000007fefa1b0000 - 0x000007fefa1eb000 	C:\Windows\system32\WINMM.dll
0x0000000077880000 - 0x0000000077887000 	C:\Windows\system32\PSAPI.DLL
0x000000006d020000 - 0x000000006d02f000 	C:\Program Files\Java\jdk1.8.0_65\jre\bin\verify.dll
0x000000006b6b0000 - 0x000000006b6d9000 	C:\Program Files\Java\jdk1.8.0_65\jre\bin\java.dll
0x000000006b6f0000 - 0x000000006b706000 	C:\Program Files\Java\jdk1.8.0_65\jre\bin\zip.dll
0x000007fefe710000 - 0x000007feff499000 	C:\Windows\system32\SHELL32.dll
0x000007fefd480000 - 0x000007fefd48f000 	C:\Windows\system32\profapi.dll

VM Arguments:
jvm_args: -Djava.awt.headless=true -Xmx1024M -Dfile.encoding=windows-1251 -Duser.country=US -Duser.language=en -Duser.variant 
java_command: com.android.dx.command.Main --dex --num-threads=4 --output D:\Desktop\DemoMaps\app\build\intermediates\pre-dexed\debug\com.android.support-mediarouter-v7-23.0.0_11b55101ce27b8f49c8dbc3fcab2bed2e5dea155.jar D:\Desktop\DemoMaps\app\build\intermediates\exploded-aar\com.android.support\mediarouter-v7\23.0.0\jars\classes.jar
java_class_path (initial): C:\Users\Denis\AppData\Local\Android\Sdk\build-tools\23.0.2\lib\dx.jar
Launcher Type: SUN_STANDARD

Environment Variables:
JAVA_HOME=C:\Program Files\Java\jdk1.8.0_74
PATH=C:\Program Files\Common Files\Microsoft Shared\Windows Live;C:\Program Files (x86)\Common Files\Microsoft Shared\Windows Live;C:\ProgramData\Oracle\Java\javapath;C:\Windows\system32;C:\Windows;C:\Windows\System32\Wbem;C:\Windows\System32\WindowsPowerShell\v1.0\;C:\Program Files (x86)\Intel\OpenCL SDK\2.0\bin\x86;C:\Program Files (x86)\Intel\OpenCL SDK\2.0\bin\x64;C:\Program Files (x86)\NVIDIA Corporation\PhysX\Common;C:\Program Files (x86)\Windows Live\Shared;C:\Program Files (x86)\Skype\Phone\;C:\Program Files\Java\jre1.8.0_66\bin;C:\Users\Denis\AppData\Local\Android\sdk\platform-tools;C:\Users\Denis\AppData\Local\Android\sdk\tools;
USERNAME=Denis
OS=Windows_NT
PROCESSOR_IDENTIFIER=Intel64 Family 6 Model 58 Stepping 9, GenuineIntel



---------------  S Y S T E M  ---------------

OS: Windows 7 , 64 bit Build 7601 (6.1.7601.19045)

CPU:total 8 (4 cores per cpu, 2 threads per core) family 6 model 58 stepping 9, cmov, cx8, fxsr, mmx, sse, sse2, sse3, ssse3, sse4.1, sse4.2, popcnt, avx, aes, clmul, erms, ht, tsc, tscinvbit, tscinv

Memory: 4k page, physical 16611692k(3658560k free), swap 16609856k(5164k free)

vm_info: Java HotSpot(TM) 64-Bit Server VM (25.65-b01) for windows-amd64 JRE (1.8.0_65-b17), built on Oct  6 2015 16:39:20 by "java_re" with MS VC++ 10.0 (VS2010)

time: Mon Mar 28 18:10:40 2016
elapsed time: 1 seconds (0d 0h 0m 1s)

